\BOOKMARK [1][-]{section.1}{\376\377\060\157\060\130\060\201\060\153}{}% 1
\BOOKMARK [1][-]{section.2}{\376\377\225\242\220\043\170\024\172\166}{}% 2
\BOOKMARK [2][-]{subsection.2.1}{\376\377\230\073\121\372\060\321\060\277\060\374\060\363\060\336\060\244\060\313\060\363\060\260\060\150\133\306\226\306\123\072\225\223\060\336\060\244\060\313\060\363\060\260}{section.2}% 3
\BOOKMARK [2][-]{subsection.2.2}{\376\377\136\014\134\021\060\373\117\116\230\073\136\246\060\321\060\277\060\374\060\363\060\336\060\244\060\313\060\363\060\260}{section.2}% 4
\BOOKMARK [2][-]{subsection.2.3}{\376\377\121\372\163\376\060\321\060\277\060\374\060\363\060\150\060\263\060\363\060\310\060\351\060\271\060\310\060\321\060\277\060\374\060\363}{section.2}% 5
\BOOKMARK [2][-]{subsection.2.4}{\376\377\131\011\123\026\160\271\151\034\121\372}{section.2}% 6
\BOOKMARK [2][-]{subsection.2.5}{\376\377\151\202\137\365\060\311\060\352\060\325\060\310\151\034\121\372}{section.2}% 7
\BOOKMARK [2][-]{subsection.2.6}{\376\377\146\102\225\223\060\321\060\277\060\374\060\363\060\336\060\244\060\313\060\363\060\260\060\150\124\150\147\037\060\321\060\277\060\374\060\363\060\336\060\244\060\313\060\363\060\260}{section.2}% 8
\BOOKMARK [1][-]{section.3}{\376\377\125\117\230\114\133\232\177\251}{}% 9
\BOOKMARK [2][-]{subsection.3.1}{\376\377\212\030\154\325\060\150\156\226\120\231}{section.3}% 10
\BOOKMARK [2][-]{subsection.3.2}{\376\377\123\315\133\306\226\306\123\072\225\223}{section.3}% 11
\BOOKMARK [2][-]{subsection.3.3}{\376\377\060\263\060\363\060\310\060\351\060\271\060\310\133\306\226\306\060\321\060\277\060\374\060\363}{section.3}% 12
\BOOKMARK [2][-]{subsection.3.4}{\376\377\151\313\220\040\131\011\123\026\060\156\175\161\212\010\166\204\147\011\141\017\140\047}{section.3}% 13
\BOOKMARK [2][-]{subsection.3.5}{\376\377\212\010\173\227\221\317}{section.3}% 14
\BOOKMARK [1][-]{section.4}{\376\377\143\320\150\110\142\113\154\325}{}% 15
\BOOKMARK [2][-]{subsection.4.1}{\376\377\123\315\133\306\226\306\123\072\225\223\151\034\121\372}{section.4}% 16
\BOOKMARK [2][-]{subsection.4.2}{\376\377\060\263\060\363\060\310\060\351\060\271\060\310\133\306\226\306\060\321\060\277\060\374\060\363\060\336\060\244\060\313\060\363\060\260}{section.4}% 17
\BOOKMARK [2][-]{subsection.4.3}{\376\377\175\161\212\010\166\204\147\011\141\017\140\047\151\034\133\232}{section.4}% 18
\BOOKMARK [2][-]{subsection.4.4}{\376\377\133\306\226\306\123\072\225\223\060\336\060\244\060\313\060\363\060\260\060\150\060\156\175\161\124\010}{section.4}% 19
\BOOKMARK [1][-]{section.5}{\376\377\133\237\232\023}{}% 20
\BOOKMARK [2][-]{subsection.5.1}{\376\377\133\237\232\023\212\055\133\232}{section.5}% 21
\BOOKMARK [2][-]{subsection.5.2}{\376\377\000E\0001\377\032\123\315\133\306\226\306\123\072\225\223\060\156\060\260\060\351\060\246\060\363\060\311\060\310\060\245\060\353\060\374\060\271\137\251\121\103}{section.5}% 22
\BOOKMARK [2][-]{subsection.5.3}{\376\377\000E\0002\377\032\060\263\060\363\060\310\060\351\060\271\060\310\060\321\060\277\060\374\060\363\122\006\230\136\060\156\153\143\211\343\163\207}{section.5}% 23
\BOOKMARK [2][-]{subsection.5.4}{\376\377\000E\0003\377\032\060\321\060\351\060\341\060\374\060\277\141\037\136\246\122\006\147\220}{section.5}% 24
\BOOKMARK [2][-]{subsection.5.5}{\376\377\000E\0004\377\032\060\255\060\343\060\363\060\332\060\374\060\363\175\102\116\206\060\153\117\064\060\106\060\321\060\277\060\374\060\363\155\210\131\061}{section.5}% 25
\BOOKMARK [2][-]{subsection.5.6}{\376\377\000E\0005\377\032\133\143\173\300\140\047\060\263\060\363\060\310\060\351\060\271\060\310}{section.5}% 26
\BOOKMARK [1][-]{section.6}{\376\377\060\112\060\217\060\212\060\153}{}% 27
\BOOKMARK [1][-]{section*.1}{\376\377\000R\000e\000f\000e\000r\000e\000n\000c\000e\000s}{}% 28
