This is pdfTeX, Version 3.141592653-2.6-1.40.26 (TeX Live 2024) (preloaded format=pdflatex 2024.11.3)  22 MAR 2026 18:50
entering extended mode
 restricted \write18 enabled.
 %&-line parsing enabled.
**main.tex
(./main.tex
LaTeX2e <2023-11-01> patch level 1
L3 programming layer <2024-02-20>
(/usr/local/texlive/2024/texmf-dist/tex/latex/base/article.cls
Document Class: article 2023/05/17 v1.4n Standard LaTeX document class
(/usr/local/texlive/2024/texmf-dist/tex/latex/base/size11.clo
File: size11.clo 2023/05/17 v1.4n Standard LaTeX file (size option)
)
\c@part=\count188
\c@section=\count189
\c@subsection=\count190
\c@subsubsection=\count191
\c@paragraph=\count192
\c@subparagraph=\count193
\c@figure=\count194
\c@table=\count195
\abovecaptionskip=\skip48
\belowcaptionskip=\skip49
\bibindent=\dimen140
)
(/usr/local/texlive/2024/texmf-dist/tex/latex/base/inputenc.sty
Package: inputenc 2021/02/14 v1.3d Input encoding file
\inpenc@prehook=\toks17
\inpenc@posthook=\toks18
)
(/usr/local/texlive/2024/texmf-dist/tex/latex/base/fontenc.sty
Package: fontenc 2021/04/29 v2.0v Standard LaTeX package
)
(/usr/local/texlive/2024/texmf-dist/tex/latex/cjk/texinput/CJKutf8.sty
Package: CJKutf8 2021/10/16 4.8.5

(/usr/local/texlive/2024/texmf-dist/tex/generic/iftex/ifpdf.sty
Package: ifpdf 2019/10/25 v3.4 ifpdf legacy package. Use iftex instead.

(/usr/local/texlive/2024/texmf-dist/tex/generic/iftex/iftex.sty
Package: iftex 2022/02/03 v1.0f TeX engine tests
))
(/usr/local/texlive/2024/texmf-dist/tex/latex/cjk/texinput/CJK.sty
Package: CJK 2021/10/16 4.8.5

(/usr/local/texlive/2024/texmf-dist/tex/latex/cjk/texinput/mule/MULEenc.sty
Package: MULEenc 2021/10/16 4.8.5
)
(/usr/local/texlive/2024/texmf-dist/tex/latex/cjk/texinput/CJK.enc
File: CJK.enc 2021/10/16 4.8.5
Now handling font encoding C00 ...
... no UTF-8 mapping file for font encoding C00
Now handling font encoding C05 ...
... no UTF-8 mapping file for font encoding C05
Now handling font encoding C09 ...
... no UTF-8 mapping file for font encoding C09
Now handling font encoding C10 ...
... no UTF-8 mapping file for font encoding C10
Now handling font encoding C20 ...
... no UTF-8 mapping file for font encoding C20
Now handling font encoding C19 ...
... no UTF-8 mapping file for font encoding C19
Now handling font encoding C40 ...
... no UTF-8 mapping file for font encoding C40
Now handling font encoding C42 ...
... no UTF-8 mapping file for font encoding C42
Now handling font encoding C43 ...
... no UTF-8 mapping file for font encoding C43
Now handling font encoding C50 ...
... no UTF-8 mapping file for font encoding C50
Now handling font encoding C52 ...
... no UTF-8 mapping file for font encoding C52
Now handling font encoding C49 ...
... no UTF-8 mapping file for font encoding C49
Now handling font encoding C60 ...
... no UTF-8 mapping file for font encoding C60
Now handling font encoding C61 ...
... no UTF-8 mapping file for font encoding C61
Now handling font encoding C63 ...
... no UTF-8 mapping file for font encoding C63
Now handling font encoding C64 ...
... no UTF-8 mapping file for font encoding C64
Now handling font encoding C65 ...
... no UTF-8 mapping file for font encoding C65
Now handling font encoding C70 ...
... no UTF-8 mapping file for font encoding C70
Now handling font encoding C31 ...
... no UTF-8 mapping file for font encoding C31
Now handling font encoding C32 ...
... no UTF-8 mapping file for font encoding C32
Now handling font encoding C33 ...
... no UTF-8 mapping file for font encoding C33
Now handling font encoding C34 ...
... no UTF-8 mapping file for font encoding C34
Now handling font encoding C35 ...
... no UTF-8 mapping file for font encoding C35
Now handling font encoding C36 ...
... no UTF-8 mapping file for font encoding C36
Now handling font encoding C37 ...
... no UTF-8 mapping file for font encoding C37
Now handling font encoding C80 ...
... no UTF-8 mapping file for font encoding C80
Now handling font encoding C81 ...
... no UTF-8 mapping file for font encoding C81
Now handling font encoding C01 ...
... no UTF-8 mapping file for font encoding C01
Now handling font encoding C11 ...
... no UTF-8 mapping file for font encoding C11
Now handling font encoding C21 ...
... no UTF-8 mapping file for font encoding C21
Now handling font encoding C41 ...
... no UTF-8 mapping file for font encoding C41
Now handling font encoding C62 ...
... no UTF-8 mapping file for font encoding C62
)
\CJK@indent=\box51
)
(/usr/local/texlive/2024/texmf-dist/tex/latex/base/fontenc.sty
Package: fontenc 2021/04/29 v2.0v Standard LaTeX package
))
(/usr/local/texlive/2024/texmf-dist/tex/latex/amsmath/amsmath.sty
Package: amsmath 2023/05/13 v2.17o AMS math features
\@mathmargin=\skip50

For additional information on amsmath, use the `?' option.
(/usr/local/texlive/2024/texmf-dist/tex/latex/amsmath/amstext.sty
Package: amstext 2021/08/26 v2.01 AMS text

(/usr/local/texlive/2024/texmf-dist/tex/latex/amsmath/amsgen.sty
File: amsgen.sty 1999/11/30 v2.0 generic functions
\@emptytoks=\toks19
\ex@=\dimen141
))
(/usr/local/texlive/2024/texmf-dist/tex/latex/amsmath/amsbsy.sty
Package: amsbsy 1999/11/29 v1.2d Bold Symbols
\pmbraise@=\dimen142
)
(/usr/local/texlive/2024/texmf-dist/tex/latex/amsmath/amsopn.sty
Package: amsopn 2022/04/08 v2.04 operator names
)
\inf@bad=\count196
LaTeX Info: Redefining \frac on input line 234.
\uproot@=\count197
\leftroot@=\count198
LaTeX Info: Redefining \overline on input line 399.
LaTeX Info: Redefining \colon on input line 410.
\classnum@=\count199
\DOTSCASE@=\count266
LaTeX Info: Redefining \ldots on input line 496.
LaTeX Info: Redefining \dots on input line 499.
LaTeX Info: Redefining \cdots on input line 620.
\Mathstrutbox@=\box52
\strutbox@=\box53
LaTeX Info: Redefining \big on input line 722.
LaTeX Info: Redefining \Big on input line 723.
LaTeX Info: Redefining \bigg on input line 724.
LaTeX Info: Redefining \Bigg on input line 725.
\big@size=\dimen143
LaTeX Font Info:    Redeclaring font encoding OML on input line 743.
LaTeX Font Info:    Redeclaring font encoding OMS on input line 744.
\macc@depth=\count267
LaTeX Info: Redefining \bmod on input line 905.
LaTeX Info: Redefining \pmod on input line 910.
LaTeX Info: Redefining \smash on input line 940.
LaTeX Info: Redefining \relbar on input line 970.
LaTeX Info: Redefining \Relbar on input line 971.
\c@MaxMatrixCols=\count268
\dotsspace@=\muskip16
\c@parentequation=\count269
\dspbrk@lvl=\count270
\tag@help=\toks20
\row@=\count271
\column@=\count272
\maxfields@=\count273
\andhelp@=\toks21
\eqnshift@=\dimen144
\alignsep@=\dimen145
\tagshift@=\dimen146
\tagwidth@=\dimen147
\totwidth@=\dimen148
\lineht@=\dimen149
\@envbody=\toks22
\multlinegap=\skip51
\multlinetaggap=\skip52
\mathdisplay@stack=\toks23
LaTeX Info: Redefining \[ on input line 2953.
LaTeX Info: Redefining \] on input line 2954.
)
(/usr/local/texlive/2024/texmf-dist/tex/latex/amsfonts/amssymb.sty
Package: amssymb 2013/01/14 v3.01 AMS font symbols

(/usr/local/texlive/2024/texmf-dist/tex/latex/amsfonts/amsfonts.sty
Package: amsfonts 2013/01/14 v3.01 Basic AMSFonts support
\symAMSa=\mathgroup4
\symAMSb=\mathgroup5
LaTeX Font Info:    Redeclaring math symbol \hbar on input line 98.
LaTeX Font Info:    Overwriting math alphabet `\mathfrak' in version `bold'
(Font)                  U/euf/m/n --> U/euf/b/n on input line 106.
))
(/usr/local/texlive/2024/texmf-dist/tex/latex/amscls/amsthm.sty
Package: amsthm 2020/05/29 v2.20.6
\thm@style=\toks24
\thm@bodyfont=\toks25
\thm@headfont=\toks26
\thm@notefont=\toks27
\thm@headpunct=\toks28
\thm@preskip=\skip53
\thm@postskip=\skip54
\thm@headsep=\skip55
\dth@everypar=\toks29
)
(/usr/local/texlive/2024/texmf-dist/tex/latex/graphics/graphicx.sty
Package: graphicx 2021/09/16 v1.2d Enhanced LaTeX Graphics (DPC,SPQR)

(/usr/local/texlive/2024/texmf-dist/tex/latex/graphics/keyval.sty
Package: keyval 2022/05/29 v1.15 key=value parser (DPC)
\KV@toks@=\toks30
)
(/usr/local/texlive/2024/texmf-dist/tex/latex/graphics/graphics.sty
Package: graphics 2022/03/10 v1.4e Standard LaTeX Graphics (DPC,SPQR)

(/usr/local/texlive/2024/texmf-dist/tex/latex/graphics/trig.sty
Package: trig 2021/08/11 v1.11 sin cos tan (DPC)
)
(/usr/local/texlive/2024/texmf-dist/tex/latex/graphics-cfg/graphics.cfg
File: graphics.cfg 2016/06/04 v1.11 sample graphics configuration
)
Package graphics Info: Driver file: pdftex.def on input line 107.

(/usr/local/texlive/2024/texmf-dist/tex/latex/graphics-def/pdftex.def
File: pdftex.def 2022/09/22 v1.2b Graphics/color driver for pdftex
))
\Gin@req@height=\dimen150
\Gin@req@width=\dimen151
)
(/usr/local/texlive/2024/texmf-dist/tex/latex/booktabs/booktabs.sty
Package: booktabs 2020/01/12 v1.61803398 Publication quality tables
\heavyrulewidth=\dimen152
\lightrulewidth=\dimen153
\cmidrulewidth=\dimen154
\belowrulesep=\dimen155
\belowbottomsep=\dimen156
\aboverulesep=\dimen157
\abovetopsep=\dimen158
\cmidrulesep=\dimen159
\cmidrulekern=\dimen160
\defaultaddspace=\dimen161
\@cmidla=\count274
\@cmidlb=\count275
\@aboverulesep=\dimen162
\@belowrulesep=\dimen163
\@thisruleclass=\count276
\@lastruleclass=\count277
\@thisrulewidth=\dimen164
)
(/usr/local/texlive/2024/texmf-dist/tex/latex/hyperref/hyperref.sty
Package: hyperref 2024-01-20 v7.01h Hypertext links for LaTeX

(/usr/local/texlive/2024/texmf-dist/tex/latex/kvsetkeys/kvsetkeys.sty
Package: kvsetkeys 2022-10-05 v1.19 Key value parser (HO)
)
(/usr/local/texlive/2024/texmf-dist/tex/generic/kvdefinekeys/kvdefinekeys.sty
Package: kvdefinekeys 2019-12-19 v1.6 Define keys (HO)
)
(/usr/local/texlive/2024/texmf-dist/tex/generic/pdfescape/pdfescape.sty
Package: pdfescape 2019/12/09 v1.15 Implements pdfTeX's escape features (HO)

(/usr/local/texlive/2024/texmf-dist/tex/generic/ltxcmds/ltxcmds.sty
Package: ltxcmds 2023-12-04 v1.26 LaTeX kernel commands for general use (HO)
)
(/usr/local/texlive/2024/texmf-dist/tex/generic/pdftexcmds/pdftexcmds.sty
Package: pdftexcmds 2020-06-27 v0.33 Utility functions of pdfTeX for LuaTeX (HO
)

(/usr/local/texlive/2024/texmf-dist/tex/generic/infwarerr/infwarerr.sty
Package: infwarerr 2019/12/03 v1.5 Providing info/warning/error messages (HO)
)
Package pdftexcmds Info: \pdf@primitive is available.
Package pdftexcmds Info: \pdf@ifprimitive is available.
Package pdftexcmds Info: \pdfdraftmode found.
))
(/usr/local/texlive/2024/texmf-dist/tex/latex/hycolor/hycolor.sty
Package: hycolor 2020-01-27 v1.10 Color options for hyperref/bookmark (HO)
)
(/usr/local/texlive/2024/texmf-dist/tex/latex/auxhook/auxhook.sty
Package: auxhook 2019-12-17 v1.6 Hooks for auxiliary files (HO)
)
(/usr/local/texlive/2024/texmf-dist/tex/latex/hyperref/nameref.sty
Package: nameref 2023-11-26 v2.56 Cross-referencing by name of section

(/usr/local/texlive/2024/texmf-dist/tex/latex/refcount/refcount.sty
Package: refcount 2019/12/15 v3.6 Data extraction from label references (HO)
)
(/usr/local/texlive/2024/texmf-dist/tex/generic/gettitlestring/gettitlestring.s
ty
Package: gettitlestring 2019/12/15 v1.6 Cleanup title references (HO)
 (/usr/local/texlive/2024/texmf-dist/tex/latex/kvoptions/kvoptions.sty
Package: kvoptions 2022-06-15 v3.15 Key value format for package options (HO)
))
\c@section@level=\count278
)
(/usr/local/texlive/2024/texmf-dist/tex/latex/etoolbox/etoolbox.sty
Package: etoolbox 2020/10/05 v2.5k e-TeX tools for LaTeX (JAW)
\etb@tempcnta=\count279
)
\@linkdim=\dimen165
\Hy@linkcounter=\count280
\Hy@pagecounter=\count281

(/usr/local/texlive/2024/texmf-dist/tex/latex/hyperref/pd1enc.def
File: pd1enc.def 2024-01-20 v7.01h Hyperref: PDFDocEncoding definition (HO)
Now handling font encoding PD1 ...
... no UTF-8 mapping file for font encoding PD1
)
(/usr/local/texlive/2024/texmf-dist/tex/generic/intcalc/intcalc.sty
Package: intcalc 2019/12/15 v1.3 Expandable calculations with integers (HO)
)
\Hy@SavedSpaceFactor=\count282

(/usr/local/texlive/2024/texmf-dist/tex/latex/hyperref/puenc.def
File: puenc.def 2024-01-20 v7.01h Hyperref: PDF Unicode definition (HO)
Now handling font encoding PU ...
... no UTF-8 mapping file for font encoding PU
)
Package hyperref Info: Hyper figures OFF on input line 4179.
Package hyperref Info: Link nesting OFF on input line 4184.
Package hyperref Info: Hyper index ON on input line 4187.
Package hyperref Info: Plain pages OFF on input line 4194.
Package hyperref Info: Backreferencing OFF on input line 4199.
Package hyperref Info: Implicit mode ON; LaTeX internals redefined.
Package hyperref Info: Bookmarks ON on input line 4446.
\c@Hy@tempcnt=\count283

(/usr/local/texlive/2024/texmf-dist/tex/latex/url/url.sty
\Urlmuskip=\muskip17
Package: url 2013/09/16  ver 3.4  Verb mode for urls, etc.
)
LaTeX Info: Redefining \url on input line 4784.
\XeTeXLinkMargin=\dimen166

(/usr/local/texlive/2024/texmf-dist/tex/generic/bitset/bitset.sty
Package: bitset 2019/12/09 v1.3 Handle bit-vector datatype (HO)

(/usr/local/texlive/2024/texmf-dist/tex/generic/bigintcalc/bigintcalc.sty
Package: bigintcalc 2019/12/15 v1.5 Expandable calculations on big integers (HO
)
))
\Fld@menulength=\count284
\Field@Width=\dimen167
\Fld@charsize=\dimen168
Package hyperref Info: Hyper figures OFF on input line 6063.
Package hyperref Info: Link nesting OFF on input line 6068.
Package hyperref Info: Hyper index ON on input line 6071.
Package hyperref Info: backreferencing OFF on input line 6078.
Package hyperref Info: Link coloring OFF on input line 6083.
Package hyperref Info: Link coloring with OCG OFF on input line 6088.
Package hyperref Info: PDF/A mode OFF on input line 6093.

(/usr/local/texlive/2024/texmf-dist/tex/latex/base/atbegshi-ltx.sty
Package: atbegshi-ltx 2021/01/10 v1.0c Emulation of the original atbegshi
package with kernel methods
)
\Hy@abspage=\count285
\c@Item=\count286
\c@Hfootnote=\count287
)
Package hyperref Info: Driver (autodetected): hpdftex.

(/usr/local/texlive/2024/texmf-dist/tex/latex/hyperref/hpdftex.def
File: hpdftex.def 2024-01-20 v7.01h Hyperref driver for pdfTeX

(/usr/local/texlive/2024/texmf-dist/tex/latex/base/atveryend-ltx.sty
Package: atveryend-ltx 2020/08/19 v1.0a Emulation of the original atveryend pac
kage
with kernel methods
)
\Fld@listcount=\count288
\c@bookmark@seq@number=\count289

(/usr/local/texlive/2024/texmf-dist/tex/latex/rerunfilecheck/rerunfilecheck.sty
Package: rerunfilecheck 2022-07-10 v1.10 Rerun checks for auxiliary files (HO)

(/usr/local/texlive/2024/texmf-dist/tex/generic/uniquecounter/uniquecounter.sty
Package: uniquecounter 2019/12/15 v1.4 Provide unlimited unique counter (HO)
)
Package uniquecounter Info: New unique counter `rerunfilecheck' on input line 2
85.
)
\Hy@SectionHShift=\skip56
) (/usr/local/texlive/2024/texmf-dist/tex/latex/geometry/geometry.sty
Package: geometry 2020/01/02 v5.9 Page Geometry

(/usr/local/texlive/2024/texmf-dist/tex/generic/iftex/ifvtex.sty
Package: ifvtex 2019/10/25 v1.7 ifvtex legacy package. Use iftex instead.
)
\Gm@cnth=\count290
\Gm@cntv=\count291
\c@Gm@tempcnt=\count292
\Gm@bindingoffset=\dimen169
\Gm@wd@mp=\dimen170
\Gm@odd@mp=\dimen171
\Gm@even@mp=\dimen172
\Gm@layoutwidth=\dimen173
\Gm@layoutheight=\dimen174
\Gm@layouthoffset=\dimen175
\Gm@layoutvoffset=\dimen176
\Gm@dimlist=\toks31
)
(/usr/local/texlive/2024/texmf-dist/tex/latex/algorithms/algorithm.sty
Package: algorithm 2009/08/24 v0.1 Document Style `algorithm' - floating enviro
nment

(/usr/local/texlive/2024/texmf-dist/tex/latex/float/float.sty
Package: float 2001/11/08 v1.3d Float enhancements (AL)
\c@float@type=\count293
\float@exts=\toks32
\float@box=\box54
\@float@everytoks=\toks33
\@floatcapt=\box55
)
(/usr/local/texlive/2024/texmf-dist/tex/latex/base/ifthen.sty
Package: ifthen 2022/04/13 v1.1d Standard LaTeX ifthen package (DPC)
)
\@float@every@algorithm=\toks34
\c@algorithm=\count294
)
(/usr/local/texlive/2024/texmf-dist/tex/latex/algorithmicx/algpseudocode.sty
Package: algpseudocode 

(/usr/local/texlive/2024/texmf-dist/tex/latex/algorithmicx/algorithmicx.sty
Package: algorithmicx 2005/04/27 v1.2 Algorithmicx

Document Style algorithmicx 1.2 - a greatly improved `algorithmic' style
\c@ALG@line=\count295
\c@ALG@rem=\count296
\c@ALG@nested=\count297
\ALG@tlm=\skip57
\ALG@thistlm=\skip58
\c@ALG@Lnr=\count298
\c@ALG@blocknr=\count299
\c@ALG@storecount=\count300
\c@ALG@tmpcounter=\count301
\ALG@tmplength=\skip59
)
Document Style - pseudocode environments for use with the `algorithmicx' style
) (/usr/local/texlive/2024/texmf-dist/tex/latex/xcolor/xcolor.sty
Package: xcolor 2023/11/15 v3.01 LaTeX color extensions (UK)

(/usr/local/texlive/2024/texmf-dist/tex/latex/graphics-cfg/color.cfg
File: color.cfg 2016/01/02 v1.6 sample color configuration
)
Package xcolor Info: Driver file: pdftex.def on input line 274.

(/usr/local/texlive/2024/texmf-dist/tex/latex/graphics/mathcolor.ltx)
Package xcolor Info: Model `cmy' substituted by `cmy0' on input line 1350.
Package xcolor Info: Model `hsb' substituted by `rgb' on input line 1354.
Package xcolor Info: Model `RGB' extended on input line 1366.
Package xcolor Info: Model `HTML' substituted by `rgb' on input line 1368.
Package xcolor Info: Model `Hsb' substituted by `hsb' on input line 1369.
Package xcolor Info: Model `tHsb' substituted by `hsb' on input line 1370.
Package xcolor Info: Model `HSB' substituted by `hsb' on input line 1371.
Package xcolor Info: Model `Gray' substituted by `gray' on input line 1372.
Package xcolor Info: Model `wave' substituted by `hsb' on input line 1373.
)
(/usr/local/texlive/2024/texmf-dist/tex/latex/multirow/multirow.sty
Package: multirow 2021/03/15 v2.8 Span multiple rows of a table
\multirow@colwidth=\skip60
\multirow@cntb=\count302
\multirow@dima=\skip61
\bigstrutjot=\dimen177
)
(/usr/local/texlive/2024/texmf-dist/tex/latex/caption/subcaption.sty
Package: subcaption 2023/07/28 v1.6b Sub-captions (AR)

(/usr/local/texlive/2024/texmf-dist/tex/latex/caption/caption.sty
Package: caption 2023/08/05 v3.6o Customizing captions (AR)

(/usr/local/texlive/2024/texmf-dist/tex/latex/caption/caption3.sty
Package: caption3 2023/07/31 v2.4d caption3 kernel (AR)
\caption@tempdima=\dimen178
\captionmargin=\dimen179
\caption@leftmargin=\dimen180
\caption@rightmargin=\dimen181
\caption@width=\dimen182
\caption@indent=\dimen183
\caption@parindent=\dimen184
\caption@hangindent=\dimen185
Package caption Info: Standard document class detected.
)
\c@caption@flags=\count303
\c@continuedfloat=\count304
Package caption Info: float package is loaded.
Package caption Info: hyperref package is loaded.
)
Package caption Info: New subtype `subfigure' on input line 238.
\c@subfigure=\count305
Package caption Info: New subtype `subtable' on input line 238.
\c@subtable=\count306
)
(/usr/local/texlive/2024/texmf-dist/tex/latex/natbib/natbib.sty
Package: natbib 2010/09/13 8.31b (PWD, AO)
\bibhang=\skip62
\bibsep=\skip63
LaTeX Info: Redefining \cite on input line 694.
\c@NAT@ctr=\count307
)
\c@definition=\count308
\c@proposition=\count309

(/usr/local/texlive/2024/texmf-dist/tex/latex/l3backend/l3backend-pdftex.def
File: l3backend-pdftex.def 2024-02-20 L3 backend support: PDF output (pdfTeX)
\l__color_backend_stack_int=\count310
\l__pdf_internal_box=\box56
)
(./main.aux)
\openout1 = `main.aux'.

LaTeX Font Info:    Checking defaults for OML/cmm/m/it on input line 31.
LaTeX Font Info:    ... okay on input line 31.
LaTeX Font Info:    Checking defaults for OMS/cmsy/m/n on input line 31.
LaTeX Font Info:    ... okay on input line 31.
LaTeX Font Info:    Checking defaults for OT1/cmr/m/n on input line 31.
LaTeX Font Info:    ... okay on input line 31.
LaTeX Font Info:    Checking defaults for T1/cmr/m/n on input line 31.
LaTeX Font Info:    ... okay on input line 31.
LaTeX Font Info:    Checking defaults for TS1/cmr/m/n on input line 31.
LaTeX Font Info:    ... okay on input line 31.
LaTeX Font Info:    Checking defaults for OMX/cmex/m/n on input line 31.
LaTeX Font Info:    ... okay on input line 31.
LaTeX Font Info:    Checking defaults for U/cmr/m/n on input line 31.
LaTeX Font Info:    ... okay on input line 31.
LaTeX Font Info:    Checking defaults for C00/song/m/n on input line 31.
LaTeX Font Info:    ... okay on input line 31.
LaTeX Font Info:    Checking defaults for C05/song/m/n on input line 31.
LaTeX Font Info:    ... okay on input line 31.
LaTeX Font Info:    Checking defaults for C09/song/m/n on input line 31.
LaTeX Font Info:    ... okay on input line 31.
LaTeX Font Info:    Checking defaults for C10/song/m/n on input line 31.
LaTeX Font Info:    ... okay on input line 31.
LaTeX Font Info:    Checking defaults for C20/song/m/n on input line 31.
LaTeX Font Info:    ... okay on input line 31.
LaTeX Font Info:    Checking defaults for C19/song/m/n on input line 31.
LaTeX Font Info:    ... okay on input line 31.
LaTeX Font Info:    Checking defaults for C40/song/m/n on input line 31.
LaTeX Font Info:    ... okay on input line 31.
LaTeX Font Info:    Checking defaults for C42/song/m/n on input line 31.
LaTeX Font Info:    ... okay on input line 31.
LaTeX Font Info:    Checking defaults for C43/song/m/n on input line 31.
LaTeX Font Info:    ... okay on input line 31.
LaTeX Font Info:    Checking defaults for C50/song/m/n on input line 31.
LaTeX Font Info:    ... okay on input line 31.
LaTeX Font Info:    Checking defaults for C52/song/m/n on input line 31.
LaTeX Font Info:    ... okay on input line 31.
LaTeX Font Info:    Checking defaults for C49/song/m/n on input line 31.
LaTeX Font Info:    ... okay on input line 31.
LaTeX Font Info:    Checking defaults for C60/mj/m/n on input line 31.
LaTeX Font Info:    ... okay on input line 31.
LaTeX Font Info:    Checking defaults for C61/mj/m/n on input line 31.
LaTeX Font Info:    ... okay on input line 31.
LaTeX Font Info:    Checking defaults for C63/mj/m/n on input line 31.
LaTeX Font Info:    ... okay on input line 31.
LaTeX Font Info:    Checking defaults for C64/mj/m/n on input line 31.
LaTeX Font Info:    ... okay on input line 31.
LaTeX Font Info:    Checking defaults for C65/mj/m/n on input line 31.
LaTeX Font Info:    ... okay on input line 31.
LaTeX Font Info:    Checking defaults for C70/song/m/n on input line 31.
LaTeX Font Info:    ... okay on input line 31.
LaTeX Font Info:    Checking defaults for C31/song/m/n on input line 31.
LaTeX Font Info:    ... okay on input line 31.
LaTeX Font Info:    Checking defaults for C32/song/m/n on input line 31.
LaTeX Font Info:    ... okay on input line 31.
LaTeX Font Info:    Checking defaults for C33/song/m/n on input line 31.
LaTeX Font Info:    ... okay on input line 31.
LaTeX Font Info:    Checking defaults for C34/song/m/n on input line 31.
LaTeX Font Info:    ... okay on input line 31.
LaTeX Font Info:    Checking defaults for C35/song/m/n on input line 31.
LaTeX Font Info:    ... okay on input line 31.
LaTeX Font Info:    Checking defaults for C36/song/m/n on input line 31.
LaTeX Font Info:    ... okay on input line 31.
LaTeX Font Info:    Checking defaults for C37/song/m/n on input line 31.
LaTeX Font Info:    ... okay on input line 31.
LaTeX Font Info:    Checking defaults for C80/song/m/n on input line 31.
LaTeX Font Info:    ... okay on input line 31.
LaTeX Font Info:    Checking defaults for C81/song/m/n on input line 31.
LaTeX Font Info:    ... okay on input line 31.
LaTeX Font Info:    Checking defaults for C01/song/m/n on input line 31.
LaTeX Font Info:    ... okay on input line 31.
LaTeX Font Info:    Checking defaults for C11/song/m/n on input line 31.
LaTeX Font Info:    ... okay on input line 31.
LaTeX Font Info:    Checking defaults for C21/song/m/n on input line 31.
LaTeX Font Info:    ... okay on input line 31.
LaTeX Font Info:    Checking defaults for C41/song/m/n on input line 31.
LaTeX Font Info:    ... okay on input line 31.
LaTeX Font Info:    Checking defaults for C62/song/m/n on input line 31.
LaTeX Font Info:    ... okay on input line 31.
LaTeX Font Info:    Checking defaults for PD1/pdf/m/n on input line 31.
LaTeX Font Info:    ... okay on input line 31.
LaTeX Font Info:    Checking defaults for PU/pdf/m/n on input line 31.
LaTeX Font Info:    ... okay on input line 31.

(/usr/local/texlive/2024/texmf-dist/tex/context/base/mkii/supp-pdf.mkii
[Loading MPS to PDF converter (version 2006.09.02).]
\scratchcounter=\count311
\scratchdimen=\dimen186
\scratchbox=\box57
\nofMPsegments=\count312
\nofMParguments=\count313
\everyMPshowfont=\toks35
\MPscratchCnt=\count314
\MPscratchDim=\dimen187
\MPnumerator=\count315
\makeMPintoPDFobject=\count316
\everyMPtoPDFconversion=\toks36
) (/usr/local/texlive/2024/texmf-dist/tex/latex/epstopdf-pkg/epstopdf-base.sty
Package: epstopdf-base 2020-01-24 v2.11 Base part for package epstopdf
Package epstopdf-base Info: Redefining graphics rule for `.eps' on input line 4
85.

(/usr/local/texlive/2024/texmf-dist/tex/latex/latexconfig/epstopdf-sys.cfg
File: epstopdf-sys.cfg 2010/07/13 v1.3 Configuration of (r)epstopdf for TeX Liv
e
))
Package hyperref Info: Link coloring OFF on input line 31.

(./main.out) (./main.out)
\@outlinefile=\write3
\openout3 = `main.out'.


*geometry* driver: auto-detecting
*geometry* detected driver: pdftex
*geometry* verbose mode - [ preamble ] result:
* driver: pdftex
* paper: <default>
* layout: <same size as paper>
* layoutoffset:(h,v)=(0.0pt,0.0pt)
* modes: 
* h-part:(L,W,R)=(72.26999pt, 469.75502pt, 72.26999pt)
* v-part:(T,H,B)=(72.26999pt, 650.43001pt, 72.26999pt)
* \paperwidth=614.295pt
* \paperheight=794.96999pt
* \textwidth=469.75502pt
* \textheight=650.43001pt
* \oddsidemargin=0.0pt
* \evensidemargin=0.0pt
* \topmargin=-37.0pt
* \headheight=12.0pt
* \headsep=25.0pt
* \topskip=11.0pt
* \footskip=30.0pt
* \marginparwidth=59.0pt
* \marginparsep=10.0pt
* \columnsep=10.0pt
* \skip\footins=10.0pt plus 4.0pt minus 2.0pt
* \hoffset=0.0pt
* \voffset=0.0pt
* \mag=1000
* \@twocolumnfalse
* \@twosidefalse
* \@mparswitchfalse
* \@reversemarginfalse
* (1in=72.27pt=25.4mm, 1cm=28.453pt)

Package caption Info: Begin \AtBeginDocument code.
Package caption Info: End \AtBeginDocument code.
(/usr/local/texlive/2024/texmf-dist/tex/latex/cjk/texinput/UTF8/UTF8.bdg
File: UTF8.bdg 2021/10/16 4.8.5
)
(/usr/local/texlive/2024/texmf-dist/tex/latex/cjk/texinput/UTF8/UTF8.enc
File: UTF8.enc 2021/10/16 4.8.5
)
(/usr/local/texlive/2024/texmf-dist/tex/latex/cjk/texinput/UTF8/UTF8.chr
File: UTF8.chr 2021/10/16 4.8.5
)
LaTeX Font Info:    Trying to load font information for C70+ipxm on input line 
34.

(/usr/local/texlive/2024/texmf-dist/tex/latex/ipaex-type1/c70ipxm.fd
File: c70ipxm.fd 2018/05/05 v0.5
)
(/usr/local/texlive/2024/texmf-dist/tex/latex/ipaex-type1/c70ipxm.fdx
File: c70ipxm.fdx 2018/05/05 v0.5
)
LaTeX Font Info:    Trying to load font information for U+msa on input line 34.


(/usr/local/texlive/2024/texmf-dist/tex/latex/amsfonts/umsa.fd
File: umsa.fd 2013/01/14 v3.01 AMS symbols A
)
LaTeX Font Info:    Trying to load font information for U+msb on input line 34.


(/usr/local/texlive/2024/texmf-dist/tex/latex/amsfonts/umsb.fd
File: umsb.fd 2013/01/14 v3.01 AMS symbols B
)
LaTeX Font Info:    Font shape `C70/ipxm/m/it'
(Font)              in size <12> not available.
(Font)              Font shape `C70/ipxm/m/n'
(Font)              tried instead on input line 34.
LaTeX Font Info:    Font shape `C70/ipxm/m/it'
(Font)              in size <10> not available.
(Font)              Font shape `C70/ipxm/m/n'
(Font)              tried instead on input line 37.
LaTeX Font Info:    Font shape `C70/ipxm/bx/n'
(Font)              in size <10.95> not available.
(Font)              Font shape `C70/ipxm/m/n'
(Font)              tried instead on input line 40.
LaTeX Font Info:    Font shape `C70/ipxm/bx/n'
(Font)              in size <14.4> not available.
(Font)              Font shape `C70/ipxm/m/n'
(Font)              tried instead on input line 43.
 [1

{/usr/local/texlive/2024/texmf-var/fonts/map/pdftex/updmap/pdftex.map}{/usr/loc
al/texlive/2024/texmf-dist/fonts/enc/dvips/ipaex-type1/ipxt1-u85.enc}{/usr/loca
l/texlive/2024/texmf-dist/fonts/enc/dvips/ipaex-type1/ipxt1-u52.enc}{/usr/local
/texlive/2024/texmf-dist/fonts/enc/dvips/ipaex-type1/ipxt1-u75.enc}{/usr/local/
texlive/2024/texmf-dist/fonts/enc/dvips/ipaex-type1/ipxt1-u5b.enc}{/usr/local/t
exlive/2024/texmf-dist/fonts/enc/dvips/ipaex-type1/ipxt1-u30.enc}{/usr/local/te
xlive/2024/texmf-dist/fonts/enc/dvips/ipaex-type1/ipxt1-u96.enc}{/usr/local/tex
live/2024/texmf-dist/fonts/enc/dvips/ipaex-type1/ipxt1-u51.enc}{/usr/local/texl
ive/2024/texmf-dist/fonts/enc/dvips/ipaex-type1/ipxt1-u65.enc}{/usr/local/texli
ve/2024/texmf-dist/fonts/enc/dvips/ipaex-type1/ipxt1-u69.enc}{/usr/local/texliv
e/2024/texmf-dist/fonts/enc/dvips/ipaex-type1/ipxt1-u89.enc}{/usr/local/texlive
/2024/texmf-dist/fonts/enc/dvips/ipaex-type1/ipxt1-u5e.enc}{/usr/local/texlive/
2024/texmf-dist/fonts/enc/dvips/ipaex-type1/ipxt1-u5c.enc}{/usr/local/texlive/2
024/texmf-dist/fonts/enc/dvips/ipaex-type1/ipxt1-u53.enc}{/usr/local/texlive/20
24/texmf-dist/fonts/enc/dvips/ipaex-type1/ipxt1-u54.enc}{/usr/local/texlive/202
4/texmf-dist/fonts/enc/dvips/ipaex-type1/ipxt1-u84.enc}{/usr/local/texlive/2024
/texmf-dist/fonts/enc/dvips/ipaex-type1/ipxt1-u80.enc}{/usr/local/texlive/2024/
texmf-dist/fonts/enc/dvips/cm-super/cm-super-t1.enc}{/usr/local/texlive/2024/te
xmf-dist/fonts/enc/dvips/ipaex-type1/ipxt1-u62.enc}{/usr/local/texlive/2024/tex
mf-dist/fonts/enc/dvips/ipaex-type1/ipxt1-u7a.enc}{/usr/local/texlive/2024/texm
f-dist/fonts/enc/dvips/ipaex-type1/ipxt1-u60.enc}{/usr/local/texlive/2024/texmf
-dist/fonts/enc/dvips/ipaex-type1/ipxt1-u76.enc}{/usr/local/texlive/2024/texmf-
dist/fonts/enc/dvips/ipaex-type1/ipxt1-uff.enc}{/usr/local/texlive/2024/texmf-d
ist/fonts/enc/dvips/ipaex-type1/ipxt1-u5f.enc}{/usr/local/texlive/2024/texmf-di
st/fonts/enc/dvips/ipaex-type1/ipxt1-u58.enc}{/usr/local/texlive/2024/texmf-dis
t/fonts/enc/dvips/ipaex-type1/ipxt1-u59.enc}{/usr/local/texlive/2024/texmf-dist
/fonts/enc/dvips/ipaex-type1/ipxt1-u4f.enc}{/usr/local/texlive/2024/texmf-dist/
fonts/enc/dvips/ipaex-type1/ipxt1-u6c.enc}{/usr/local/texlive/2024/texmf-dist/f
onts/enc/dvips/ipaex-type1/ipxt1-u4e.enc}{/usr/local/texlive/2024/texmf-dist/fo
nts/enc/dvips/ipaex-type1/ipxt1-u57.enc}{/usr/local/texlive/2024/texmf-dist/fon
ts/enc/dvips/ipaex-type1/ipxt1-u88.enc}{/usr/local/texlive/2024/texmf-dist/font
s/enc/dvips/ipaex-type1/ipxt1-u67.enc}{/usr/local/texlive/2024/texmf-dist/fonts
/enc/dvips/ipaex-type1/ipxt1-u81.enc}{/usr/local/texlive/2024/texmf-dist/fonts/
enc/dvips/ipaex-type1/ipxt1-u5d.enc}{/usr/local/texlive/2024/texmf-dist/fonts/e
nc/dvips/ipaex-type1/ipxt1-u71.enc}{/usr/local/texlive/2024/texmf-dist/fonts/en
c/dvips/ipaex-type1/ipxt1-u66.enc}{/usr/local/texlive/2024/texmf-dist/fonts/enc
/dvips/ipaex-type1/ipxt1-u7c.enc}{/usr/local/texlive/2024/texmf-dist/fonts/enc/
dvips/ipaex-type1/ipxt1-u8c.enc}{/usr/local/texlive/2024/texmf-dist/fonts/enc/d
vips/ipaex-type1/ipxt1-u70.enc}{/usr/local/texlive/2024/texmf-dist/fonts/enc/dv
ips/ipaex-type1/ipxt1-u63.enc}{/usr/local/texlive/2024/texmf-dist/fonts/enc/dvi
ps/ipaex-type1/ipxt1-u78.enc}{/usr/local/texlive/2024/texmf-dist/fonts/enc/dvip
s/ipaex-type1/ipxt1-u98.enc}{/usr/local/texlive/2024/texmf-dist/fonts/enc/dvips
/ipaex-type1/ipxt1-u7d.enc}{/usr/local/texlive/2024/texmf-dist/fonts/enc/dvips/
ipaex-type1/ipxt1-u9a.enc}{/usr/local/texlive/2024/texmf-dist/fonts/enc/dvips/i
paex-type1/ipxt1-u95.enc}{/usr/local/texlive/2024/texmf-dist/fonts/enc/dvips/ip
aex-type1/ipxt1-u68.enc}{/usr/local/texlive/2024/texmf-dist/fonts/enc/dvips/ipa
ex-type1/ipxt1-u90.enc}{/usr/local/texlive/2024/texmf-dist/fonts/enc/dvips/ipae
x-type1/ipxt1-u50.enc}{/usr/local/texlive/2024/texmf-dist/fonts/enc/dvips/ipaex
-type1/ipxt1-u73.enc}{/usr/local/texlive/2024/texmf-dist/fonts/enc/dvips/ipaex-
type1/ipxt1-u6a.enc}{/usr/local/texlive/2024/texmf-dist/fonts/enc/dvips/ipaex-t
ype1/ipxt1-u64.enc}{/usr/local/texlive/2024/texmf-dist/fonts/enc/dvips/ipaex-ty
pe1/ipxt1-u6d.enc}{/usr/local/texlive/2024/texmf-dist/fonts/enc/dvips/ipaex-typ
e1/ipxt1-u79.enc}{/usr/local/texlive/2024/texmf-dist/fonts/enc/dvips/ipaex-type
1/ipxt1-u6e.enc}{/usr/local/texlive/2024/texmf-dist/fonts/enc/dvips/ipaex-type1
/ipxt1-u7b.enc}{/usr/local/texlive/2024/texmf-dist/fonts/enc/dvips/ipaex-type1/
ipxt1-u74.enc}{/usr/local/texlive/2024/texmf-dist/fonts/enc/dvips/ipaex-type1/i
pxt1-u83.enc}{/usr/local/texlive/2024/texmf-dist/fonts/enc/dvips/ipaex-type1/ip
xt1-u7f.enc}{/usr/local/texlive/2024/texmf-dist/fonts/enc/dvips/ipaex-type1/ipx
t1-u56.enc}{/usr/local/texlive/2024/texmf-dist/fonts/enc/dvips/ipaex-type1/ipxt
1-u8b.enc}{/usr/local/texlive/2024/texmf-dist/fonts/enc/dvips/ipaex-type1/ipxt1
-u97.enc}{/usr/local/texlive/2024/texmf-dist/fonts/enc/dvips/ipaex-type1/ipxt1-
u8a.enc}{/usr/local/texlive/2024/texmf-dist/fonts/enc/dvips/ipaex-type1/ipxt1-u
6b.enc}{/usr/local/texlive/2024/texmf-dist/fonts/enc/dvips/ipaex-type1/ipxt1-u6
1.enc}]
[2{/usr/local/texlive/2024/texmf-dist/fonts/enc/dvips/ipaex-type1/ipxt1-u91.enc
}{/usr/local/texlive/2024/texmf-dist/fonts/enc/dvips/ipaex-type1/ipxt1-u72.enc}
{/usr/local/texlive/2024/texmf-dist/fonts/enc/dvips/ipaex-type1/ipxt1-u77.enc}{
/usr/local/texlive/2024/texmf-dist/fonts/enc/dvips/ipaex-type1/ipxt1-u55.enc}{/
usr/local/texlive/2024/texmf-dist/fonts/enc/dvips/ipaex-type1/ipxt1-u93.enc}{/u
sr/local/texlive/2024/texmf-dist/fonts/enc/dvips/ipaex-type1/ipxt1-u8f.enc}{/us
r/local/texlive/2024/texmf-dist/fonts/enc/dvips/ipaex-type1/ipxt1-u7e.enc}]
Overfull \hbox (13.4502pt too wide) in paragraph at lines 82--83
[]\C70/ipxm/m/n/10.95 È Ô Ã ¯ â Ç ë \T1/cmr/m/n/10.95 [[]Chen et al.[], []2017[
]]\C70/ipxm/m/n/10.95 J ˆ s \C70/ipxm/m/n/10.95 h \C70/ipxm/m/n/10.95/73 þ \C70
/ipxm/m/n/10.95 f \C70/ipxm/m/n/10.95/7f Ò \C70/ipxm/m/n/10.95 ¢ × í ü Á \T1/cm
r/m/n/10.95 [[]Jensen et al.[], []2012[]]\C70/ipxm/m/n/10.95 o ^^A\T1/cmr/m/n/1
0.95 MIMIC\C70/ipxm/m/n/10.95 Ç ü
 []

[3{/usr/local/texlive/2024/texmf-dist/fonts/enc/dvips/ipaex-type1/ipxt1-u82.enc
}{/usr/local/texlive/2024/texmf-dist/fonts/enc/dvips/cm-super/cm-super-ts1.enc}
]
Package hyperref Info: bookmark level for unknown algorithm defaults to 0 on in
put line 140.
 [4{/usr/local/texlive/2024/texmf-dist/fonts/enc/dvips/ipaex-type1/ipxt1-u8d.en
c}] [5] [6]
<../experiments/figures/fig2_sensitivity_heatmap.png, id=425, 578.16pt x 361.35
pt>
File: ../experiments/figures/fig2_sensitivity_heatmap.png Graphic file (type pn
g)
<use ../experiments/figures/fig2_sensitivity_heatmap.png>
Package pdftex.def Info: ../experiments/figures/fig2_sensitivity_heatmap.png  u
sed on input line 315.
(pdftex.def)             Requested size: 328.82707pt x 205.51399pt.
 [7 <../experiments/figures/fig2_sensitivity_heatmap.png>] [8]
(./main.bbl [9]
Underfull \hbox (badness 2689) in paragraph at lines 116--121
[]\T1/cmr/m/n/10 Mehak Gupta, Bren-nan Gal-lam-oza, Nico-las Cu-ber, Ben-jamin 
Moody, Do-minic Farah, An-drew
 []

[10]) [11] (./main.aux)
 ***********
LaTeX2e <2023-11-01> patch level 1
L3 programming layer <2024-02-20>
 ***********
Package rerunfilecheck Info: File `main.out' has not changed.
(rerunfilecheck)             Checksum: F21E79145091B3AE1A045C1298A8E4F9;2665.
 ) 
Here is how much of TeX's memory you used:
 18144 strings out of 474116
 283095 string characters out of 5743682
 1985187 words of memory out of 5000000
 39047 multiletter control sequences out of 15000+600000
 631191 words of font info for 280 fonts, out of 8000000 for 9000
 1141 hyphenation exceptions out of 8191
 75i,11n,79p,1881b,1802s stack positions out of 10000i,1000n,20000p,200000b,200000s
</usr/local/texlive/2024/texmf-dist/fonts/type1/public/amsfonts/cm/cmex10.pfb
></usr/local/texlive/2024/texmf-dist/fonts/type1/public/amsfonts/cm/cmmi10.pfb>
</usr/local/texlive/2024/texmf-dist/fonts/type1/public/amsfonts/cm/cmmi8.pfb></
usr/local/texlive/2024/texmf-dist/fonts/type1/public/amsfonts/cm/cmr10.pfb></us
r/local/texlive/2024/texmf-dist/fonts/type1/public/amsfonts/cm/cmr8.pfb></usr/l
ocal/texlive/2024/texmf-dist/fonts/type1/public/amsfonts/cm/cmsy10.pfb></usr/lo
cal/texlive/2024/texmf-dist/fonts/type1/public/amsfonts/cm/cmsy8.pfb></usr/loca
l/texlive/2024/texmf-dist/fonts/type1/public/ipaex-type1/ipxm-r-u30.pfb></usr/l
ocal/texlive/2024/texmf-dist/fonts/type1/public/ipaex-type1/ipxm-r-u4e.pfb></us
r/local/texlive/2024/texmf-dist/fonts/type1/public/ipaex-type1/ipxm-r-u4f.pfb><
/usr/local/texlive/2024/texmf-dist/fonts/type1/public/ipaex-type1/ipxm-r-u50.pf
b></usr/local/texlive/2024/texmf-dist/fonts/type1/public/ipaex-type1/ipxm-r-u51
.pfb></usr/local/texlive/2024/texmf-dist/fonts/type1/public/ipaex-type1/ipxm-r-
u52.pfb></usr/local/texlive/2024/texmf-dist/fonts/type1/public/ipaex-type1/ipxm
-r-u53.pfb></usr/local/texlive/2024/texmf-dist/fonts/type1/public/ipaex-type1/i
pxm-r-u54.pfb></usr/local/texlive/2024/texmf-dist/fonts/type1/public/ipaex-type
1/ipxm-r-u55.pfb></usr/local/texlive/2024/texmf-dist/fonts/type1/public/ipaex-t
ype1/ipxm-r-u56.pfb></usr/local/texlive/2024/texmf-dist/fonts/type1/public/ipae
x-type1/ipxm-r-u57.pfb></usr/local/texlive/2024/texmf-dist/fonts/type1/public/i
paex-type1/ipxm-r-u58.pfb></usr/local/texlive/2024/texmf-dist/fonts/type1/publi
c/ipaex-type1/ipxm-r-u59.pfb></usr/local/texlive/2024/texmf-dist/fonts/type1/pu
blic/ipaex-type1/ipxm-r-u5b.pfb></usr/local/texlive/2024/texmf-dist/fonts/type1
/public/ipaex-type1/ipxm-r-u5c.pfb></usr/local/texlive/2024/texmf-dist/fonts/ty
pe1/public/ipaex-type1/ipxm-r-u5d.pfb></usr/local/texlive/2024/texmf-dist/fonts
/type1/public/ipaex-type1/ipxm-r-u5e.pfb></usr/local/texlive/2024/texmf-dist/fo
nts/type1/public/ipaex-type1/ipxm-r-u5f.pfb></usr/local/texlive/2024/texmf-dist
/fonts/type1/public/ipaex-type1/ipxm-r-u60.pfb></usr/local/texlive/2024/texmf-d
ist/fonts/type1/public/ipaex-type1/ipxm-r-u61.pfb></usr/local/texlive/2024/texm
f-dist/fonts/type1/public/ipaex-type1/ipxm-r-u62.pfb></usr/local/texlive/2024/t
exmf-dist/fonts/type1/public/ipaex-type1/ipxm-r-u63.pfb></usr/local/texlive/202
4/texmf-dist/fonts/type1/public/ipaex-type1/ipxm-r-u64.pfb></usr/local/texlive/
2024/texmf-dist/fonts/type1/public/ipaex-type1/ipxm-r-u65.pfb></usr/local/texli
ve/2024/texmf-dist/fonts/type1/public/ipaex-type1/ipxm-r-u66.pfb></usr/local/te
xlive/2024/texmf-dist/fonts/type1/public/ipaex-type1/ipxm-r-u67.pfb></usr/local
/texlive/2024/texmf-dist/fonts/type1/public/ipaex-type1/ipxm-r-u68.pfb></usr/lo
cal/texlive/2024/texmf-dist/fonts/type1/public/ipaex-type1/ipxm-r-u69.pfb></usr
/local/texlive/2024/texmf-dist/fonts/type1/public/ipaex-type1/ipxm-r-u6a.pfb></
usr/local/texlive/2024/texmf-dist/fonts/type1/public/ipaex-type1/ipxm-r-u6b.pfb
></usr/local/texlive/2024/texmf-dist/fonts/type1/public/ipaex-type1/ipxm-r-u6c.
pfb></usr/local/texlive/2024/texmf-dist/fonts/type1/public/ipaex-type1/ipxm-r-u
6d.pfb></usr/local/texlive/2024/texmf-dist/fonts/type1/public/ipaex-type1/ipxm-
r-u6e.pfb></usr/local/texlive/2024/texmf-dist/fonts/type1/public/ipaex-type1/ip
xm-r-u70.pfb></usr/local/texlive/2024/texmf-dist/fonts/type1/public/ipaex-type1
/ipxm-r-u71.pfb></usr/local/texlive/2024/texmf-dist/fonts/type1/public/ipaex-ty
pe1/ipxm-r-u72.pfb></usr/local/texlive/2024/texmf-dist/fonts/type1/public/ipaex
-type1/ipxm-r-u73.pfb></usr/local/texlive/2024/texmf-dist/fonts/type1/public/ip
aex-type1/ipxm-r-u74.pfb></usr/local/texlive/2024/texmf-dist/fonts/type1/public
/ipaex-type1/ipxm-r-u75.pfb></usr/local/texlive/2024/texmf-dist/fonts/type1/pub
lic/ipaex-type1/ipxm-r-u76.pfb></usr/local/texlive/2024/texmf-dist/fonts/type1/
public/ipaex-type1/ipxm-r-u77.pfb></usr/local/texlive/2024/texmf-dist/fonts/typ
e1/public/ipaex-type1/ipxm-r-u78.pfb></usr/local/texlive/2024/texmf-dist/fonts/
type1/public/ipaex-type1/ipxm-r-u79.pfb></usr/local/texlive/2024/texmf-dist/fon
ts/type1/public/ipaex-type1/ipxm-r-u7a.pfb></usr/local/texlive/2024/texmf-dist/
fonts/type1/public/ipaex-type1/ipxm-r-u7b.pfb></usr/local/texlive/2024/texmf-di
st/fonts/type1/public/ipaex-type1/ipxm-r-u7c.pfb></usr/local/texlive/2024/texmf
-dist/fonts/type1/public/ipaex-type1/ipxm-r-u7d.pfb></usr/local/texlive/2024/te
xmf-dist/fonts/type1/public/ipaex-type1/ipxm-r-u7e.pfb></usr/local/texlive/2024
/texmf-dist/fonts/type1/public/ipaex-type1/ipxm-r-u7f.pfb></usr/local/texlive/2
024/texmf-dist/fonts/type1/public/ipaex-type1/ipxm-r-u80.pfb></usr/local/texliv
e/2024/texmf-dist/fonts/type1/public/ipaex-type1/ipxm-r-u81.pfb></usr/local/tex
live/2024/texmf-dist/fonts/type1/public/ipaex-type1/ipxm-r-u82.pfb></usr/local/
texlive/2024/texmf-dist/fonts/type1/public/ipaex-type1/ipxm-r-u83.pfb></usr/loc
al/texlive/2024/texmf-dist/fonts/type1/public/ipaex-type1/ipxm-r-u84.pfb></usr/
local/texlive/2024/texmf-dist/fonts/type1/public/ipaex-type1/ipxm-r-u85.pfb></u
sr/local/texlive/2024/texmf-dist/fonts/type1/public/ipaex-type1/ipxm-r-u88.pfb>
</usr/local/texlive/2024/texmf-dist/fonts/type1/public/ipaex-type1/ipxm-r-u89.p
fb></usr/local/texlive/2024/texmf-dist/fonts/type1/public/ipaex-type1/ipxm-r-u8
a.pfb></usr/local/texlive/2024/texmf-dist/fonts/type1/public/ipaex-type1/ipxm-r
-u8b.pfb></usr/local/texlive/2024/texmf-dist/fonts/type1/public/ipaex-type1/ipx
m-r-u8c.pfb></usr/local/texlive/2024/texmf-dist/fonts/type1/public/ipaex-type1/
ipxm-r-u8d.pfb></usr/local/texlive/2024/texmf-dist/fonts/type1/public/ipaex-typ
e1/ipxm-r-u8f.pfb></usr/local/texlive/2024/texmf-dist/fonts/type1/public/ipaex-
type1/ipxm-r-u90.pfb></usr/local/texlive/2024/texmf-dist/fonts/type1/public/ipa
ex-type1/ipxm-r-u91.pfb></usr/local/texlive/2024/texmf-dist/fonts/type1/public/
ipaex-type1/ipxm-r-u93.pfb></usr/local/texlive/2024/texmf-dist/fonts/type1/publ
ic/ipaex-type1/ipxm-r-u95.pfb></usr/local/texlive/2024/texmf-dist/fonts/type1/p
ublic/ipaex-type1/ipxm-r-u96.pfb></usr/local/texlive/2024/texmf-dist/fonts/type
1/public/ipaex-type1/ipxm-r-u97.pfb></usr/local/texlive/2024/texmf-dist/fonts/t
ype1/public/ipaex-type1/ipxm-r-u98.pfb></usr/local/texlive/2024/texmf-dist/font
s/type1/public/ipaex-type1/ipxm-r-u9a.pfb></usr/local/texlive/2024/texmf-dist/f
onts/type1/public/ipaex-type1/ipxm-r-uff.pfb></usr/local/texlive/2024/texmf-dis
t/fonts/type1/public/amsfonts/symbols/msam10.pfb></usr/local/texlive/2024/texmf
-dist/fonts/type1/public/cm-super/sfbx1000.pfb></usr/local/texlive/2024/texmf-d
ist/fonts/type1/public/cm-super/sfbx1095.pfb></usr/local/texlive/2024/texmf-dis
t/fonts/type1/public/cm-super/sfbx1200.pfb></usr/local/texlive/2024/texmf-dist/
fonts/type1/public/cm-super/sfbx1440.pfb></usr/local/texlive/2024/texmf-dist/fo
nts/type1/public/cm-super/sfcc1095.pfb></usr/local/texlive/2024/texmf-dist/font
s/type1/public/cm-super/sfrm0800.pfb></usr/local/texlive/2024/texmf-dist/fonts/
type1/public/cm-super/sfrm0900.pfb></usr/local/texlive/2024/texmf-dist/fonts/ty
pe1/public/cm-super/sfrm1000.pfb></usr/local/texlive/2024/texmf-dist/fonts/type
1/public/cm-super/sfrm1095.pfb></usr/local/texlive/2024/texmf-dist/fonts/type1/
public/cm-super/sfti0800.pfb></usr/local/texlive/2024/texmf-dist/fonts/type1/pu
blic/cm-super/sfti1000.pfb></usr/local/texlive/2024/texmf-dist/fonts/type1/publ
ic/cm-super/sfti1095.pfb></usr/local/texlive/2024/texmf-dist/fonts/type1/public
/cm-super/sfti1200.pfb>
Output written on main.pdf (11 pages, 1036546 bytes).
PDF statistics:
 942 PDF objects out of 1000 (max. 8388607)
 664 compressed objects within 7 object streams
 101 named destinations out of 1000 (max. 500000)
 482 words of extra memory for PDF output out of 10000 (max. 10000000)

