\BOOKMARK [1][-]{section.1}{\376\377\060\157\060\130\060\201\060\153}{}% 1
\BOOKMARK [1][-]{section.2}{\376\377\225\242\220\043\170\024\172\166}{}% 2
\BOOKMARK [2][-]{subsection.2.1}{\376\377\060\325\060\241\060\374\060\336\060\263\060\323\060\270\060\351\060\363\060\271\060\153\060\112\060\121\060\213\060\267\060\260\060\312\060\353\151\034\121\372}{section.2}% 3
\BOOKMARK [2][-]{subsection.2.2}{\376\377\205\254\122\144\165\253\133\146\060\153\060\112\060\121\060\213\146\102\225\223\122\006\147\220}{section.2}% 4
\BOOKMARK [2][-]{subsection.2.3}{\376\377\121\346\145\271\060\321\060\277\060\374\060\363\060\336\060\244\060\313\060\363\060\260}{section.2}% 5
\BOOKMARK [2][-]{subsection.2.4}{\376\377\147\054\170\024\172\166\060\156\117\115\177\156\060\145\060\121}{section.2}% 6
\BOOKMARK [1][-]{section.3}{\376\377\142\113\154\325}{}% 7
\BOOKMARK [2][-]{subsection.3.1}{\376\377\121\346\145\271\060\310\060\351\060\363\060\266\060\257\060\267\060\347\060\363\060\342\060\307\060\353}{section.3}% 8
\BOOKMARK [2][-]{subsection.3.2}{\376\377\133\306\226\306\121\346\145\271\123\072\225\223\151\034\121\372}{section.3}% 9
\BOOKMARK [2][-]{subsection.3.3}{\376\377\211\217\122\066\060\244\060\331\060\363\060\310\136\060\134\136}{section.3}% 10
\BOOKMARK [2][-]{subsection.3.4}{\376\377\212\010\173\227\221\317}{section.3}% 11
\BOOKMARK [1][-]{section.4}{\376\377\133\237\232\023\212\055\133\232}{}% 12
\BOOKMARK [2][-]{subsection.4.1}{\376\377\124\010\142\020\121\346\145\271\060\307\060\374\060\277}{section.4}% 13
\BOOKMARK [2][-]{subsection.4.2}{\376\377\133\237\232\023}{section.4}% 14
\BOOKMARK [1][-]{section.5}{\376\377\175\120\147\234}{}% 15
\BOOKMARK [2][-]{subsection.5.1}{\376\377\000E\0001\000:\000\040\133\306\226\306\060\321\060\277\060\374\060\363\151\034\121\372}{section.5}% 16
\BOOKMARK [2][-]{subsection.5.2}{\376\377\000E\0002\000:\000\040\211\217\122\066\060\244\060\331\060\363\060\310\060\263\060\363\060\310\060\351\060\271\060\310\060\321\060\277\060\374\060\363}{section.5}% 17
\BOOKMARK [2][-]{subsection.5.3}{\376\377\000E\0003\000:\000\040\060\321\060\351\060\341\060\374\060\277\141\037\136\246}{section.5}% 18
\BOOKMARK [2][-]{subsection.5.4}{\376\377\000E\0004\000:\000\040\131\032\205\254\122\271\177\244\122\006\147\220}{section.5}% 19
\BOOKMARK [1][-]{section.6}{\376\377\213\160\212\326}{}% 20
\BOOKMARK [2][-]{subsection.6.1}{\376\377\201\350\136\212\166\204\124\053\141\017}{section.6}% 21
\BOOKMARK [2][-]{subsection.6.2}{\376\377\226\120\165\114}{section.6}% 22
\BOOKMARK [2][-]{subsection.6.3}{\376\377\116\312\137\214\060\156\134\125\147\033}{section.6}% 23
\BOOKMARK [1][-]{section.7}{\376\377\175\120\212\326}{}% 24
