\BOOKMARK [1][-]{section*.1}{\376\377\000A\000b\000s\000t\000r\000a\000c\000t}{}% 1
\BOOKMARK [1][-]{section.1}{\376\377\0001\000\040\060\157\060\130\060\201\060\153}{}% 2
\BOOKMARK [1][-]{section.2}{\376\377\0002\000\040\125\117\230\114\133\232\177\251}{}% 3
\BOOKMARK [2][-]{subsection.2.1}{\376\377\0002\000.\0001\000\040\212\030\154\325}{section.2}% 4
\BOOKMARK [2][-]{subsection.2.2}{\376\377\0002\000.\0002\000\040\060\265\060\335\060\374\060\310\146\362\227\142}{section.2}% 5
\BOOKMARK [2][-]{subsection.2.3}{\376\377\0002\000.\0003\000\040\133\306\226\306\230\030\127\337}{section.2}% 6
\BOOKMARK [2][-]{subsection.2.4}{\376\377\0002\000.\0004\000\040\133\306\226\306\230\030\127\337\123\005\124\053\133\232\164\006}{section.2}% 7
\BOOKMARK [2][-]{subsection.2.5}{\376\377\0002\000.\0005\000\040\153\041\121\103\122\006\211\343\123\357\200\375\140\047}{section.2}% 8
\BOOKMARK [2][-]{subsection.2.6}{\376\377\0002\000.\0006\000\040\212\010\173\227\221\317\211\343\147\220}{section.2}% 9
\BOOKMARK [2][-]{subsection.2.7}{\376\377\0002\000.\0007\000\040\125\117\230\114\060\156\133\232\137\017\123\026}{section.2}% 10
\BOOKMARK [1][-]{section.3}{\376\377\0003\000\040\143\320\150\110\142\113\154\325}{}% 11
\BOOKMARK [2][-]{subsection.3.1}{\376\377\0003\000.\0001\000\040\060\265\060\335\060\374\060\310\146\362\227\142\060\156\212\010\173\227}{section.3}% 12
\BOOKMARK [2][-]{subsection.3.2}{\376\377\0003\000.\0002\000\040\133\306\226\306\230\030\127\337\060\156\142\275\121\372}{section.3}% 13
\BOOKMARK [2][-]{subsection.3.3}{\376\377\0003\000.\0003\000\040\131\032\153\041\121\103\000A\000p\000r\000i\000o\000r\000i\060\336\060\244\060\313\060\363\060\260}{section.3}% 14
\BOOKMARK [2][-]{subsection.3.4}{\376\377\0003\000.\0004\000\040\122\006\211\343\060\222\200\003\141\156\060\127\060\137\131\011\137\142}{section.3}% 15
\BOOKMARK [1][-]{section.4}{\376\377\0004\000\040\133\237\232\023}{}% 16
\BOOKMARK [2][-]{subsection.4.1}{\376\377\0004\000.\0001\000\040\000E\0001\000:\000\040\127\313\060\201\217\274\060\177\133\306\226\306\230\030\127\337\060\156\137\251\121\103}{section.4}% 17
\BOOKMARK [2][-]{subsection.4.2}{\376\377\0004\000.\0002\000\040\000E\0002\000:\000\040\153\041\121\103\122\006\211\343}{section.4}% 18
\BOOKMARK [2][-]{subsection.4.3}{\376\377\0004\000.\0003\000\040\000E\0003\000:\000\040\060\271\060\261\060\374\060\351\060\323\060\352\060\306\060\243}{section.4}% 19
\BOOKMARK [2][-]{subsection.4.4}{\376\377\0004\000.\0004\000\040\000E\0004\000:\000\040\123\112\163\376\133\237\166\204\134\017\130\362\060\267\060\312\060\352\060\252}{section.4}% 20
\BOOKMARK [1][-]{section.5}{\376\377\0005\000\040\225\242\220\043\170\024\172\166}{}% 21
\BOOKMARK [1][-]{section.6}{\376\377\0006\000\040\175\120\212\326}{}% 22
\BOOKMARK [1][-]{section*.27}{\376\377\000R\000e\000f\000e\000r\000e\000n\000c\000e\000s}{}% 23
