\BOOKMARK [1][-]{section.1}{\376\377\060\157\060\130\060\201\060\153}{}% 1
\BOOKMARK [1][-]{section.2}{\376\377\225\242\220\043\170\024\172\166}{}% 2
\BOOKMARK [2][-]{subsection.2.1}{\376\377\146\102\225\223\060\321\060\277\060\374\060\363\060\336\060\244\060\313\060\363\060\260}{section.2}% 3
\BOOKMARK [2][-]{subsection.2.2}{\376\377\146\102\174\373\122\027\060\153\133\376\060\131\060\213\126\340\147\234\143\250\212\326}{section.2}% 4
\BOOKMARK [2][-]{subsection.2.3}{\376\377\060\256\060\343\060\303\060\327\377\032\060\321\060\277\060\374\060\363\060\336\060\244\060\313\060\363\060\260\060\153\133\376\060\131\060\213\126\340\147\234\143\250\212\326}{section.2}% 5
\BOOKMARK [1][-]{section.3}{\376\377\125\117\230\114\133\232\177\251}{}% 6
\BOOKMARK [2][-]{subsection.3.1}{\376\377\156\226\120\231}{section.3}% 7
\BOOKMARK [2][-]{subsection.3.2}{\376\377\126\340\147\234\136\060\134\136\060\325\060\354\060\374\060\340\060\357\060\374\060\257}{section.3}% 8
\BOOKMARK [2][-]{subsection.3.3}{\376\377\164\006\212\326\166\204\117\335\212\074}{section.3}% 9
\BOOKMARK [1][-]{section.4}{\376\377\060\242\060\353\060\264\060\352\060\272\060\340\377\032\000S\000C\000-\000D\000e\000n\000s\000e\000A\000t\000t\000r\000i\000b}{}% 10
\BOOKMARK [2][-]{subsection.4.1}{\376\377\221\315\060\177\060\156\143\250\133\232}{section.4}% 11
\BOOKMARK [2][-]{subsection.4.2}{\376\377\060\311\060\312\060\374\060\327\060\374\060\353\060\156\151\313\173\311}{section.4}% 12
\BOOKMARK [2][-]{subsection.4.3}{\376\377\212\010\173\227\221\317\211\343\147\220}{section.4}% 13
\BOOKMARK [1][-]{section.5}{\376\377\133\237\232\023}{}% 14
\BOOKMARK [2][-]{subsection.5.1}{\376\377\000E\0001\377\032\126\340\147\234\122\271\147\234\060\156\126\336\137\251}{section.5}% 15
\BOOKMARK [2][-]{subsection.5.2}{\376\377\000E\0002\377\032\060\311\060\312\060\374\060\327\060\374\060\353\060\265\060\244\060\272}{section.5}% 16
\BOOKMARK [2][-]{subsection.5.3}{\376\377\000E\0003\377\032\120\175\226\175\140\047\163\207}{section.5}% 17
\BOOKMARK [2][-]{subsection.5.4}{\376\377\000E\0004\377\032\000D\000u\000n\000n\000h\000u\000m\000b\000y\060\271\060\277\060\244\060\353\124\010\142\020\060\307\060\374\060\277}{section.5}% 18
\BOOKMARK [2][-]{subsection.5.5}{\376\377\000E\0005\377\032\000S\000C\000M\000\040\000v\000s\000.\000\040\177\156\143\333\151\034\133\232}{section.5}% 19
\BOOKMARK [1][-]{section.6}{\376\377\175\120\212\326}{}% 20
\BOOKMARK [1][-]{section*.2}{\376\377\000R\000e\000f\000e\000r\000e\000n\000c\000e\000s}{}% 21
