\BOOKMARK [1][-]{section.1}{\376\377\060\157\060\130\060\201\060\153}{}% 1
\BOOKMARK [1][-]{section.2}{\376\377\225\242\220\043\170\024\172\166}{}% 2
\BOOKMARK [2][-]{subsection.2.1}{\376\377\135\356\122\006\060\327\060\351\060\244\060\320\060\267\060\374}{section.2}% 3
\BOOKMARK [2][-]{subsection.2.2}{\376\377\135\356\122\006\060\327\060\351\060\244\060\320\060\267\060\374\060\150\230\073\121\372\060\321\060\277\060\374\060\363\060\336\060\244\060\313\060\363\060\260}{section.2}% 4
\BOOKMARK [2][-]{subsection.2.3}{\376\377\133\306\226\306\123\072\225\223\060\336\060\244\060\313\060\363\060\260}{section.2}% 5
\BOOKMARK [2][-]{subsection.2.4}{\376\377\135\356\122\006\060\327\060\351\060\244\060\320\060\267\060\374\060\150\146\102\174\373\122\027\060\373\060\271\060\310\060\352\060\374\060\340\060\336\060\244\060\313\060\363\060\260}{section.2}% 6
\BOOKMARK [2][-]{subsection.2.5}{\376\377\147\054\170\024\172\166\060\156\117\115\177\156\060\145\060\121}{section.2}% 7
\BOOKMARK [1][-]{section.3}{\376\377\116\210\120\231\167\345\213\130}{}% 8
\BOOKMARK [2][-]{subsection.3.1}{\376\377\133\306\226\306\123\072\225\223\060\336\060\244\060\313\060\363\060\260}{section.3}% 9
\BOOKMARK [2][-]{subsection.3.2}{\376\377\135\356\122\006\060\327\060\351\060\244\060\320\060\267\060\374}{section.3}% 10
\BOOKMARK [2][-]{subsection.3.3}{\376\377\124\010\142\020\133\232\164\006}{section.3}% 11
\BOOKMARK [1][-]{section.4}{\376\377\143\320\150\110\142\113\154\325\377\032\000D\000P\000-\000D\000I\000M}{}% 12
\BOOKMARK [2][-]{subsection.4.1}{\376\377\172\223\141\037\136\246\060\156\211\343\147\220}{section.4}% 13
\BOOKMARK [2][-]{subsection.4.2}{\376\377\000D\000P\133\306\226\306\123\072\225\223}{section.4}% 14
\BOOKMARK [2][-]{subsection.4.3}{\376\377\225\276\120\044\133\211\133\232\140\047}{section.4}% 15
\BOOKMARK [2][-]{subsection.4.4}{\376\377\000S\000p\000a\000r\000s\000e\000\040\000V\000e\000c\000t\000o\000r\000\040\000T\000e\000c\000h\000n\000i\000q\000u\000e}{section.4}% 16
\BOOKMARK [2][-]{subsection.4.5}{\376\377\060\327\060\351\060\244\060\320\060\267\116\210\173\227\124\010\142\020}{section.4}% 17
\BOOKMARK [1][-]{section.5}{\376\377\133\237\232\023}{}% 18
\BOOKMARK [2][-]{subsection.5.1}{\376\377\133\237\232\023\212\055\133\232}{section.5}% 19
\BOOKMARK [2][-]{subsection.5.2}{\376\377\000E\0001\000:\000\040\060\327\060\351\060\244\060\320\060\267\060\374\060\373\174\276\136\246\060\310\060\354\060\374\060\311\060\252\060\325}{section.5}% 20
\BOOKMARK [2][-]{subsection.5.3}{\376\377\000E\0002\000:\000\040\060\341\060\253\060\313\060\272\060\340\153\324\217\003}{section.5}% 21
\BOOKMARK [2][-]{subsection.5.4}{\376\377\000E\0003\000:\000\040\060\271\060\261\060\374\060\351\060\323\060\352\060\306\060\243}{section.5}% 22
\BOOKMARK [2][-]{subsection.5.5}{\376\377\000E\0004\000:\000\040\225\276\120\044\133\211\133\232\140\047}{section.5}% 23
\BOOKMARK [2][-]{subsection.5.6}{\376\377\000E\0005\000:\000\040\116\210\173\227\124\010\142\020}{section.5}% 24
\BOOKMARK [1][-]{section.6}{\376\377\175\120\212\326}{}% 25
\BOOKMARK [2][-]{subsection.6.1}{\376\377\116\312\137\214\060\156\212\262\230\114}{section.6}% 26
\BOOKMARK [1][-]{section*.1}{\376\377\000R\000e\000f\000e\000r\000e\000n\000c\000e\000s}{}% 27
