This is pdfTeX, Version 3.141592653-2.6-1.40.26 (TeX Live 2024) (preloaded format=pdflatex 2024.11.3)  22 MAR 2026 19:17
entering extended mode
 restricted \write18 enabled.
 %&-line parsing enabled.
**main.tex
(./main.tex
LaTeX2e <2023-11-01> patch level 1
L3 programming layer <2024-02-20>
(/usr/local/texlive/2024/texmf-dist/tex/latex/ieeetran/IEEEtran.cls
Document Class: IEEEtran 2015/08/26 V1.8b by Michael Shell
-- See the "IEEEtran_HOWTO" manual for usage information.
-- http://www.michaelshell.org/tex/ieeetran/
\@IEEEtrantmpdimenA=\dimen140
\@IEEEtrantmpdimenB=\dimen141
\@IEEEtrantmpdimenC=\dimen142
\@IEEEtrantmpcountA=\count188
\@IEEEtrantmpcountB=\count189
\@IEEEtrantmpcountC=\count190
\@IEEEtrantmptoksA=\toks17
LaTeX Font Info:    Trying to load font information for OT1+ptm on input line 5
03.
(/usr/local/texlive/2024/texmf-dist/tex/latex/psnfss/ot1ptm.fd
File: ot1ptm.fd 2001/06/04 font definitions for OT1/ptm.
)
-- Using 8.5in x 11in (letter) paper.
-- Using PDF output.
\@IEEEnormalsizeunitybaselineskip=\dimen143
-- This is a 10 point document.
\CLASSINFOnormalsizebaselineskip=\dimen144
\CLASSINFOnormalsizeunitybaselineskip=\dimen145
\IEEEnormaljot=\dimen146
LaTeX Font Info:    Font shape `OT1/ptm/bx/n' in size <5> not available
(Font)              Font shape `OT1/ptm/b/n' tried instead on input line 1090.
LaTeX Font Info:    Font shape `OT1/ptm/bx/it' in size <5> not available
(Font)              Font shape `OT1/ptm/b/it' tried instead on input line 1090.

LaTeX Font Info:    Font shape `OT1/ptm/bx/n' in size <7> not available
(Font)              Font shape `OT1/ptm/b/n' tried instead on input line 1090.
LaTeX Font Info:    Font shape `OT1/ptm/bx/it' in size <7> not available
(Font)              Font shape `OT1/ptm/b/it' tried instead on input line 1090.

LaTeX Font Info:    Font shape `OT1/ptm/bx/n' in size <8> not available
(Font)              Font shape `OT1/ptm/b/n' tried instead on input line 1090.
LaTeX Font Info:    Font shape `OT1/ptm/bx/it' in size <8> not available
(Font)              Font shape `OT1/ptm/b/it' tried instead on input line 1090.

LaTeX Font Info:    Font shape `OT1/ptm/bx/n' in size <9> not available
(Font)              Font shape `OT1/ptm/b/n' tried instead on input line 1090.
LaTeX Font Info:    Font shape `OT1/ptm/bx/it' in size <9> not available
(Font)              Font shape `OT1/ptm/b/it' tried instead on input line 1090.

LaTeX Font Info:    Font shape `OT1/ptm/bx/n' in size <10> not available
(Font)              Font shape `OT1/ptm/b/n' tried instead on input line 1090.
LaTeX Font Info:    Font shape `OT1/ptm/bx/it' in size <10> not available
(Font)              Font shape `OT1/ptm/b/it' tried instead on input line 1090.

LaTeX Font Info:    Font shape `OT1/ptm/bx/n' in size <11> not available
(Font)              Font shape `OT1/ptm/b/n' tried instead on input line 1090.
LaTeX Font Info:    Font shape `OT1/ptm/bx/it' in size <11> not available
(Font)              Font shape `OT1/ptm/b/it' tried instead on input line 1090.

LaTeX Font Info:    Font shape `OT1/ptm/bx/n' in size <12> not available
(Font)              Font shape `OT1/ptm/b/n' tried instead on input line 1090.
LaTeX Font Info:    Font shape `OT1/ptm/bx/it' in size <12> not available
(Font)              Font shape `OT1/ptm/b/it' tried instead on input line 1090.

LaTeX Font Info:    Font shape `OT1/ptm/bx/n' in size <17> not available
(Font)              Font shape `OT1/ptm/b/n' tried instead on input line 1090.
LaTeX Font Info:    Font shape `OT1/ptm/bx/it' in size <17> not available
(Font)              Font shape `OT1/ptm/b/it' tried instead on input line 1090.

LaTeX Font Info:    Font shape `OT1/ptm/bx/n' in size <20> not available
(Font)              Font shape `OT1/ptm/b/n' tried instead on input line 1090.
LaTeX Font Info:    Font shape `OT1/ptm/bx/it' in size <20> not available
(Font)              Font shape `OT1/ptm/b/it' tried instead on input line 1090.

LaTeX Font Info:    Font shape `OT1/ptm/bx/n' in size <24> not available
(Font)              Font shape `OT1/ptm/b/n' tried instead on input line 1090.
LaTeX Font Info:    Font shape `OT1/ptm/bx/it' in size <24> not available
(Font)              Font shape `OT1/ptm/b/it' tried instead on input line 1090.

\IEEEquantizedlength=\dimen147
\IEEEquantizedlengthdiff=\dimen148
\IEEEquantizedtextheightdiff=\dimen149
\IEEEilabelindentA=\dimen150
\IEEEilabelindentB=\dimen151
\IEEEilabelindent=\dimen152
\IEEEelabelindent=\dimen153
\IEEEdlabelindent=\dimen154
\IEEElabelindent=\dimen155
\IEEEiednormlabelsep=\dimen156
\IEEEiedmathlabelsep=\dimen157
\IEEEiedtopsep=\skip48
\c@section=\count191
\c@subsection=\count192
\c@subsubsection=\count193
\c@paragraph=\count194
\c@IEEEsubequation=\count195
\abovecaptionskip=\skip49
\belowcaptionskip=\skip50
\c@figure=\count196
\c@table=\count197
\@IEEEeqnnumcols=\count198
\@IEEEeqncolcnt=\count199
\@IEEEsubeqnnumrollback=\count266
\@IEEEquantizeheightA=\dimen158
\@IEEEquantizeheightB=\dimen159
\@IEEEquantizeheightC=\dimen160
\@IEEEquantizeprevdepth=\dimen161
\@IEEEquantizemultiple=\count267
\@IEEEquantizeboxA=\box51
\@IEEEtmpitemindent=\dimen162
\IEEEPARstartletwidth=\dimen163
\c@IEEEbiography=\count268
\@IEEEtranrubishbin=\box52
) (/usr/local/texlive/2024/texmf-dist/tex/latex/amsmath/amsmath.sty
Package: amsmath 2023/05/13 v2.17o AMS math features
\@mathmargin=\skip51

For additional information on amsmath, use the `?' option.
(/usr/local/texlive/2024/texmf-dist/tex/latex/amsmath/amstext.sty
Package: amstext 2021/08/26 v2.01 AMS text

(/usr/local/texlive/2024/texmf-dist/tex/latex/amsmath/amsgen.sty
File: amsgen.sty 1999/11/30 v2.0 generic functions
\@emptytoks=\toks18
\ex@=\dimen164
))
(/usr/local/texlive/2024/texmf-dist/tex/latex/amsmath/amsbsy.sty
Package: amsbsy 1999/11/29 v1.2d Bold Symbols
\pmbraise@=\dimen165
)
(/usr/local/texlive/2024/texmf-dist/tex/latex/amsmath/amsopn.sty
Package: amsopn 2022/04/08 v2.04 operator names
)
\inf@bad=\count269
LaTeX Info: Redefining \frac on input line 234.
\uproot@=\count270
\leftroot@=\count271
LaTeX Info: Redefining \overline on input line 399.
LaTeX Info: Redefining \colon on input line 410.
\classnum@=\count272
\DOTSCASE@=\count273
LaTeX Info: Redefining \ldots on input line 496.
LaTeX Info: Redefining \dots on input line 499.
LaTeX Info: Redefining \cdots on input line 620.
\Mathstrutbox@=\box53
\strutbox@=\box54
LaTeX Info: Redefining \big on input line 722.
LaTeX Info: Redefining \Big on input line 723.
LaTeX Info: Redefining \bigg on input line 724.
LaTeX Info: Redefining \Bigg on input line 725.
\big@size=\dimen166
LaTeX Font Info:    Redeclaring font encoding OML on input line 743.
LaTeX Font Info:    Redeclaring font encoding OMS on input line 744.
\macc@depth=\count274
LaTeX Info: Redefining \bmod on input line 905.
LaTeX Info: Redefining \pmod on input line 910.
LaTeX Info: Redefining \smash on input line 940.
LaTeX Info: Redefining \relbar on input line 970.
LaTeX Info: Redefining \Relbar on input line 971.
\c@MaxMatrixCols=\count275
\dotsspace@=\muskip16
\c@parentequation=\count276
\dspbrk@lvl=\count277
\tag@help=\toks19
\row@=\count278
\column@=\count279
\maxfields@=\count280
\andhelp@=\toks20
\eqnshift@=\dimen167
\alignsep@=\dimen168
\tagshift@=\dimen169
\tagwidth@=\dimen170
\totwidth@=\dimen171
\lineht@=\dimen172
\@envbody=\toks21
\multlinegap=\skip52
\multlinetaggap=\skip53
\mathdisplay@stack=\toks22
LaTeX Info: Redefining \[ on input line 2953.
LaTeX Info: Redefining \] on input line 2954.
)
(/usr/local/texlive/2024/texmf-dist/tex/latex/amsfonts/amssymb.sty
Package: amssymb 2013/01/14 v3.01 AMS font symbols

(/usr/local/texlive/2024/texmf-dist/tex/latex/amsfonts/amsfonts.sty
Package: amsfonts 2013/01/14 v3.01 Basic AMSFonts support
\symAMSa=\mathgroup4
\symAMSb=\mathgroup5
LaTeX Font Info:    Redeclaring math symbol \hbar on input line 98.
LaTeX Font Info:    Overwriting math alphabet `\mathfrak' in version `bold'
(Font)                  U/euf/m/n --> U/euf/b/n on input line 106.
))
(/usr/local/texlive/2024/texmf-dist/tex/latex/amscls/amsthm.sty
Package: amsthm 2020/05/29 v2.20.6
\thm@style=\toks23
\thm@bodyfont=\toks24
\thm@headfont=\toks25
\thm@notefont=\toks26
\thm@headpunct=\toks27
\thm@preskip=\skip54
\thm@postskip=\skip55
\thm@headsep=\skip56
\dth@everypar=\toks28
)
(/usr/local/texlive/2024/texmf-dist/tex/latex/algorithms/algorithmic.sty
Package: algorithmic 2009/08/24 v0.1 Document Style `algorithmic'

(/usr/local/texlive/2024/texmf-dist/tex/latex/base/ifthen.sty
Package: ifthen 2022/04/13 v1.1d Standard LaTeX ifthen package (DPC)
)
(/usr/local/texlive/2024/texmf-dist/tex/latex/graphics/keyval.sty
Package: keyval 2022/05/29 v1.15 key=value parser (DPC)
\KV@toks@=\toks29
)
\c@ALC@unique=\count281
\c@ALC@line=\count282
\c@ALC@rem=\count283
\c@ALC@depth=\count284
\ALC@tlm=\skip57
\algorithmicindent=\skip58
)
(/usr/local/texlive/2024/texmf-dist/tex/latex/algorithms/algorithm.sty
Package: algorithm 2009/08/24 v0.1 Document Style `algorithm' - floating enviro
nment

(/usr/local/texlive/2024/texmf-dist/tex/latex/float/float.sty
Package: float 2001/11/08 v1.3d Float enhancements (AL)
\c@float@type=\count285
\float@exts=\toks30
\float@box=\box55
\@float@everytoks=\toks31
\@floatcapt=\box56
)
\@float@every@algorithm=\toks32
\c@algorithm=\count286
)
(/usr/local/texlive/2024/texmf-dist/tex/latex/graphics/graphicx.sty
Package: graphicx 2021/09/16 v1.2d Enhanced LaTeX Graphics (DPC,SPQR)

(/usr/local/texlive/2024/texmf-dist/tex/latex/graphics/graphics.sty
Package: graphics 2022/03/10 v1.4e Standard LaTeX Graphics (DPC,SPQR)

(/usr/local/texlive/2024/texmf-dist/tex/latex/graphics/trig.sty
Package: trig 2021/08/11 v1.11 sin cos tan (DPC)
)
(/usr/local/texlive/2024/texmf-dist/tex/latex/graphics-cfg/graphics.cfg
File: graphics.cfg 2016/06/04 v1.11 sample graphics configuration
)
Package graphics Info: Driver file: pdftex.def on input line 107.

(/usr/local/texlive/2024/texmf-dist/tex/latex/graphics-def/pdftex.def
File: pdftex.def 2022/09/22 v1.2b Graphics/color driver for pdftex
))
\Gin@req@height=\dimen173
\Gin@req@width=\dimen174
)
(/usr/local/texlive/2024/texmf-dist/tex/latex/base/textcomp.sty
Package: textcomp 2020/02/02 v2.0n Standard LaTeX package
)
(/usr/local/texlive/2024/texmf-dist/tex/latex/xcolor/xcolor.sty
Package: xcolor 2023/11/15 v3.01 LaTeX color extensions (UK)

(/usr/local/texlive/2024/texmf-dist/tex/latex/graphics-cfg/color.cfg
File: color.cfg 2016/01/02 v1.6 sample color configuration
)
Package xcolor Info: Driver file: pdftex.def on input line 274.

(/usr/local/texlive/2024/texmf-dist/tex/latex/graphics/mathcolor.ltx)
Package xcolor Info: Model `cmy' substituted by `cmy0' on input line 1350.
Package xcolor Info: Model `hsb' substituted by `rgb' on input line 1354.
Package xcolor Info: Model `RGB' extended on input line 1366.
Package xcolor Info: Model `HTML' substituted by `rgb' on input line 1368.
Package xcolor Info: Model `Hsb' substituted by `hsb' on input line 1369.
Package xcolor Info: Model `tHsb' substituted by `hsb' on input line 1370.
Package xcolor Info: Model `HSB' substituted by `hsb' on input line 1371.
Package xcolor Info: Model `Gray' substituted by `gray' on input line 1372.
Package xcolor Info: Model `wave' substituted by `hsb' on input line 1373.
)
(/usr/local/texlive/2024/texmf-dist/tex/latex/booktabs/booktabs.sty
Package: booktabs 2020/01/12 v1.61803398 Publication quality tables
\heavyrulewidth=\dimen175
\lightrulewidth=\dimen176
\cmidrulewidth=\dimen177
\belowrulesep=\dimen178
\belowbottomsep=\dimen179
\aboverulesep=\dimen180
\abovetopsep=\dimen181
\cmidrulesep=\dimen182
\cmidrulekern=\dimen183
\defaultaddspace=\dimen184
\@cmidla=\count287
\@cmidlb=\count288
\@aboverulesep=\dimen185
\@belowrulesep=\dimen186
\@thisruleclass=\count289
\@lastruleclass=\count290
\@thisrulewidth=\dimen187
)
(/usr/local/texlive/2024/texmf-dist/tex/latex/multirow/multirow.sty
Package: multirow 2021/03/15 v2.8 Span multiple rows of a table
\multirow@colwidth=\skip59
\multirow@cntb=\count291
\multirow@dima=\skip60
\bigstrutjot=\dimen188
)
(/usr/local/texlive/2024/texmf-dist/tex/latex/hyperref/hyperref.sty
Package: hyperref 2024-01-20 v7.01h Hypertext links for LaTeX

(/usr/local/texlive/2024/texmf-dist/tex/generic/iftex/iftex.sty
Package: iftex 2022/02/03 v1.0f TeX engine tests
)
(/usr/local/texlive/2024/texmf-dist/tex/latex/kvsetkeys/kvsetkeys.sty
Package: kvsetkeys 2022-10-05 v1.19 Key value parser (HO)
)
(/usr/local/texlive/2024/texmf-dist/tex/generic/kvdefinekeys/kvdefinekeys.sty
Package: kvdefinekeys 2019-12-19 v1.6 Define keys (HO)
)
(/usr/local/texlive/2024/texmf-dist/tex/generic/pdfescape/pdfescape.sty
Package: pdfescape 2019/12/09 v1.15 Implements pdfTeX's escape features (HO)

(/usr/local/texlive/2024/texmf-dist/tex/generic/ltxcmds/ltxcmds.sty
Package: ltxcmds 2023-12-04 v1.26 LaTeX kernel commands for general use (HO)
)
(/usr/local/texlive/2024/texmf-dist/tex/generic/pdftexcmds/pdftexcmds.sty
Package: pdftexcmds 2020-06-27 v0.33 Utility functions of pdfTeX for LuaTeX (HO
)

(/usr/local/texlive/2024/texmf-dist/tex/generic/infwarerr/infwarerr.sty
Package: infwarerr 2019/12/03 v1.5 Providing info/warning/error messages (HO)
)
Package pdftexcmds Info: \pdf@primitive is available.
Package pdftexcmds Info: \pdf@ifprimitive is available.
Package pdftexcmds Info: \pdfdraftmode found.
))
(/usr/local/texlive/2024/texmf-dist/tex/latex/hycolor/hycolor.sty
Package: hycolor 2020-01-27 v1.10 Color options for hyperref/bookmark (HO)
)
(/usr/local/texlive/2024/texmf-dist/tex/latex/auxhook/auxhook.sty
Package: auxhook 2019-12-17 v1.6 Hooks for auxiliary files (HO)
)
(/usr/local/texlive/2024/texmf-dist/tex/latex/hyperref/nameref.sty
Package: nameref 2023-11-26 v2.56 Cross-referencing by name of section

(/usr/local/texlive/2024/texmf-dist/tex/latex/refcount/refcount.sty
Package: refcount 2019/12/15 v3.6 Data extraction from label references (HO)
)
(/usr/local/texlive/2024/texmf-dist/tex/generic/gettitlestring/gettitlestring.s
ty
Package: gettitlestring 2019/12/15 v1.6 Cleanup title references (HO)
 (/usr/local/texlive/2024/texmf-dist/tex/latex/kvoptions/kvoptions.sty
Package: kvoptions 2022-06-15 v3.15 Key value format for package options (HO)
))
\c@section@level=\count292
)
(/usr/local/texlive/2024/texmf-dist/tex/latex/etoolbox/etoolbox.sty
Package: etoolbox 2020/10/05 v2.5k e-TeX tools for LaTeX (JAW)
\etb@tempcnta=\count293
)
\@linkdim=\dimen189
\Hy@linkcounter=\count294
\Hy@pagecounter=\count295

(/usr/local/texlive/2024/texmf-dist/tex/latex/hyperref/pd1enc.def
File: pd1enc.def 2024-01-20 v7.01h Hyperref: PDFDocEncoding definition (HO)
Now handling font encoding PD1 ...
... no UTF-8 mapping file for font encoding PD1
)
(/usr/local/texlive/2024/texmf-dist/tex/generic/intcalc/intcalc.sty
Package: intcalc 2019/12/15 v1.3 Expandable calculations with integers (HO)
)
\Hy@SavedSpaceFactor=\count296

(/usr/local/texlive/2024/texmf-dist/tex/latex/hyperref/puenc.def
File: puenc.def 2024-01-20 v7.01h Hyperref: PDF Unicode definition (HO)
Now handling font encoding PU ...
... no UTF-8 mapping file for font encoding PU
)
Package hyperref Info: Hyper figures OFF on input line 4179.
Package hyperref Info: Link nesting OFF on input line 4184.
Package hyperref Info: Hyper index ON on input line 4187.
Package hyperref Info: Plain pages OFF on input line 4194.
Package hyperref Info: Backreferencing OFF on input line 4199.
Package hyperref Info: Implicit mode ON; LaTeX internals redefined.
Package hyperref Info: Bookmarks ON on input line 4446.
\c@Hy@tempcnt=\count297

(/usr/local/texlive/2024/texmf-dist/tex/latex/url/url.sty
\Urlmuskip=\muskip17
Package: url 2013/09/16  ver 3.4  Verb mode for urls, etc.
)
LaTeX Info: Redefining \url on input line 4784.
\XeTeXLinkMargin=\dimen190

(/usr/local/texlive/2024/texmf-dist/tex/generic/bitset/bitset.sty
Package: bitset 2019/12/09 v1.3 Handle bit-vector datatype (HO)

(/usr/local/texlive/2024/texmf-dist/tex/generic/bigintcalc/bigintcalc.sty
Package: bigintcalc 2019/12/15 v1.5 Expandable calculations on big integers (HO
)
))
\Fld@menulength=\count298
\Field@Width=\dimen191
\Fld@charsize=\dimen192
Package hyperref Info: Hyper figures OFF on input line 6063.
Package hyperref Info: Link nesting OFF on input line 6068.
Package hyperref Info: Hyper index ON on input line 6071.
Package hyperref Info: backreferencing OFF on input line 6078.
Package hyperref Info: Link coloring OFF on input line 6083.
Package hyperref Info: Link coloring with OCG OFF on input line 6088.
Package hyperref Info: PDF/A mode OFF on input line 6093.

(/usr/local/texlive/2024/texmf-dist/tex/latex/base/atbegshi-ltx.sty
Package: atbegshi-ltx 2021/01/10 v1.0c Emulation of the original atbegshi
package with kernel methods
)
\Hy@abspage=\count299
\c@Item=\count300
\c@Hfootnote=\count301
)
Package hyperref Info: Driver (autodetected): hpdftex.

(/usr/local/texlive/2024/texmf-dist/tex/latex/hyperref/hpdftex.def
File: hpdftex.def 2024-01-20 v7.01h Hyperref driver for pdfTeX

(/usr/local/texlive/2024/texmf-dist/tex/latex/base/atveryend-ltx.sty
Package: atveryend-ltx 2020/08/19 v1.0a Emulation of the original atveryend pac
kage
with kernel methods
)
\Fld@listcount=\count302
\c@bookmark@seq@number=\count303

(/usr/local/texlive/2024/texmf-dist/tex/latex/rerunfilecheck/rerunfilecheck.sty
Package: rerunfilecheck 2022-07-10 v1.10 Rerun checks for auxiliary files (HO)

(/usr/local/texlive/2024/texmf-dist/tex/generic/uniquecounter/uniquecounter.sty
Package: uniquecounter 2019/12/15 v1.4 Provide unlimited unique counter (HO)
)
Package uniquecounter Info: New unique counter `rerunfilecheck' on input line 2
85.
)
\Hy@SectionHShift=\skip61
) (/usr/local/texlive/2024/texmf-dist/tex/latex/cite/cite.sty
LaTeX Info: Redefining \cite on input line 302.
LaTeX Info: Redefining \nocite on input line 332.
Package: cite 2015/02/27  v 5.5
)
(/usr/local/texlive/2024/texmf-dist/tex/latex/cjk/texinput/CJKutf8.sty
Package: CJKutf8 2021/10/16 4.8.5

(/usr/local/texlive/2024/texmf-dist/tex/generic/iftex/ifpdf.sty
Package: ifpdf 2019/10/25 v3.4 ifpdf legacy package. Use iftex instead.
)
(/usr/local/texlive/2024/texmf-dist/tex/latex/base/inputenc.sty
Package: inputenc 2021/02/14 v1.3d Input encoding file
\inpenc@prehook=\toks33
\inpenc@posthook=\toks34
)
(/usr/local/texlive/2024/texmf-dist/tex/latex/cjk/texinput/CJK.sty
Package: CJK 2021/10/16 4.8.5

(/usr/local/texlive/2024/texmf-dist/tex/latex/cjk/texinput/mule/MULEenc.sty
Package: MULEenc 2021/10/16 4.8.5
)
(/usr/local/texlive/2024/texmf-dist/tex/latex/cjk/texinput/CJK.enc
File: CJK.enc 2021/10/16 4.8.5
Now handling font encoding C00 ...
... no UTF-8 mapping file for font encoding C00
Now handling font encoding C05 ...
... no UTF-8 mapping file for font encoding C05
Now handling font encoding C09 ...
... no UTF-8 mapping file for font encoding C09
Now handling font encoding C10 ...
... no UTF-8 mapping file for font encoding C10
Now handling font encoding C20 ...
... no UTF-8 mapping file for font encoding C20
Now handling font encoding C19 ...
... no UTF-8 mapping file for font encoding C19
Now handling font encoding C40 ...
... no UTF-8 mapping file for font encoding C40
Now handling font encoding C42 ...
... no UTF-8 mapping file for font encoding C42
Now handling font encoding C43 ...
... no UTF-8 mapping file for font encoding C43
Now handling font encoding C50 ...
... no UTF-8 mapping file for font encoding C50
Now handling font encoding C52 ...
... no UTF-8 mapping file for font encoding C52
Now handling font encoding C49 ...
... no UTF-8 mapping file for font encoding C49
Now handling font encoding C60 ...
... no UTF-8 mapping file for font encoding C60
Now handling font encoding C61 ...
... no UTF-8 mapping file for font encoding C61
Now handling font encoding C63 ...
... no UTF-8 mapping file for font encoding C63
Now handling font encoding C64 ...
... no UTF-8 mapping file for font encoding C64
Now handling font encoding C65 ...
... no UTF-8 mapping file for font encoding C65
Now handling font encoding C70 ...
... no UTF-8 mapping file for font encoding C70
Now handling font encoding C31 ...
... no UTF-8 mapping file for font encoding C31
Now handling font encoding C32 ...
... no UTF-8 mapping file for font encoding C32
Now handling font encoding C33 ...
... no UTF-8 mapping file for font encoding C33
Now handling font encoding C34 ...
... no UTF-8 mapping file for font encoding C34
Now handling font encoding C35 ...
... no UTF-8 mapping file for font encoding C35
Now handling font encoding C36 ...
... no UTF-8 mapping file for font encoding C36
Now handling font encoding C37 ...
... no UTF-8 mapping file for font encoding C37
Now handling font encoding C80 ...
... no UTF-8 mapping file for font encoding C80
Now handling font encoding C81 ...
... no UTF-8 mapping file for font encoding C81
Now handling font encoding C01 ...
... no UTF-8 mapping file for font encoding C01
Now handling font encoding C11 ...
... no UTF-8 mapping file for font encoding C11
Now handling font encoding C21 ...
... no UTF-8 mapping file for font encoding C21
Now handling font encoding C41 ...
... no UTF-8 mapping file for font encoding C41
Now handling font encoding C62 ...
... no UTF-8 mapping file for font encoding C62
)
\CJK@indent=\box57
)
(/usr/local/texlive/2024/texmf-dist/tex/latex/base/fontenc.sty
Package: fontenc 2021/04/29 v2.0v Standard LaTeX package
))
\c@theorem=\count304
\c@definition=\count305
\c@lemma=\count306
\c@property=\count307
\c@corollary=\count308

(/usr/local/texlive/2024/texmf-dist/tex/latex/l3backend/l3backend-pdftex.def
File: l3backend-pdftex.def 2024-02-20 L3 backend support: PDF output (pdfTeX)
\l__color_backend_stack_int=\count309
\l__pdf_internal_box=\box58
)
(./main.aux)
\openout1 = `main.aux'.

LaTeX Font Info:    Checking defaults for OML/cmm/m/it on input line 22.
LaTeX Font Info:    ... okay on input line 22.
LaTeX Font Info:    Checking defaults for OMS/cmsy/m/n on input line 22.
LaTeX Font Info:    ... okay on input line 22.
LaTeX Font Info:    Checking defaults for OT1/cmr/m/n on input line 22.
LaTeX Font Info:    ... okay on input line 22.
LaTeX Font Info:    Checking defaults for T1/cmr/m/n on input line 22.
LaTeX Font Info:    ... okay on input line 22.
LaTeX Font Info:    Checking defaults for TS1/cmr/m/n on input line 22.
LaTeX Font Info:    ... okay on input line 22.
LaTeX Font Info:    Checking defaults for OMX/cmex/m/n on input line 22.
LaTeX Font Info:    ... okay on input line 22.
LaTeX Font Info:    Checking defaults for U/cmr/m/n on input line 22.
LaTeX Font Info:    ... okay on input line 22.
LaTeX Font Info:    Checking defaults for PD1/pdf/m/n on input line 22.
LaTeX Font Info:    ... okay on input line 22.
LaTeX Font Info:    Checking defaults for PU/pdf/m/n on input line 22.
LaTeX Font Info:    ... okay on input line 22.
LaTeX Font Info:    Checking defaults for C00/song/m/n on input line 22.
LaTeX Font Info:    ... okay on input line 22.
LaTeX Font Info:    Checking defaults for C05/song/m/n on input line 22.
LaTeX Font Info:    ... okay on input line 22.
LaTeX Font Info:    Checking defaults for C09/song/m/n on input line 22.
LaTeX Font Info:    ... okay on input line 22.
LaTeX Font Info:    Checking defaults for C10/song/m/n on input line 22.
LaTeX Font Info:    ... okay on input line 22.
LaTeX Font Info:    Checking defaults for C20/song/m/n on input line 22.
LaTeX Font Info:    ... okay on input line 22.
LaTeX Font Info:    Checking defaults for C19/song/m/n on input line 22.
LaTeX Font Info:    ... okay on input line 22.
LaTeX Font Info:    Checking defaults for C40/song/m/n on input line 22.
LaTeX Font Info:    ... okay on input line 22.
LaTeX Font Info:    Checking defaults for C42/song/m/n on input line 22.
LaTeX Font Info:    ... okay on input line 22.
LaTeX Font Info:    Checking defaults for C43/song/m/n on input line 22.
LaTeX Font Info:    ... okay on input line 22.
LaTeX Font Info:    Checking defaults for C50/song/m/n on input line 22.
LaTeX Font Info:    ... okay on input line 22.
LaTeX Font Info:    Checking defaults for C52/song/m/n on input line 22.
LaTeX Font Info:    ... okay on input line 22.
LaTeX Font Info:    Checking defaults for C49/song/m/n on input line 22.
LaTeX Font Info:    ... okay on input line 22.
LaTeX Font Info:    Checking defaults for C60/mj/m/n on input line 22.
LaTeX Font Info:    ... okay on input line 22.
LaTeX Font Info:    Checking defaults for C61/mj/m/n on input line 22.
LaTeX Font Info:    ... okay on input line 22.
LaTeX Font Info:    Checking defaults for C63/mj/m/n on input line 22.
LaTeX Font Info:    ... okay on input line 22.
LaTeX Font Info:    Checking defaults for C64/mj/m/n on input line 22.
LaTeX Font Info:    ... okay on input line 22.
LaTeX Font Info:    Checking defaults for C65/mj/m/n on input line 22.
LaTeX Font Info:    ... okay on input line 22.
LaTeX Font Info:    Checking defaults for C70/song/m/n on input line 22.
LaTeX Font Info:    ... okay on input line 22.
LaTeX Font Info:    Checking defaults for C31/song/m/n on input line 22.
LaTeX Font Info:    ... okay on input line 22.
LaTeX Font Info:    Checking defaults for C32/song/m/n on input line 22.
LaTeX Font Info:    ... okay on input line 22.
LaTeX Font Info:    Checking defaults for C33/song/m/n on input line 22.
LaTeX Font Info:    ... okay on input line 22.
LaTeX Font Info:    Checking defaults for C34/song/m/n on input line 22.
LaTeX Font Info:    ... okay on input line 22.
LaTeX Font Info:    Checking defaults for C35/song/m/n on input line 22.
LaTeX Font Info:    ... okay on input line 22.
LaTeX Font Info:    Checking defaults for C36/song/m/n on input line 22.
LaTeX Font Info:    ... okay on input line 22.
LaTeX Font Info:    Checking defaults for C37/song/m/n on input line 22.
LaTeX Font Info:    ... okay on input line 22.
LaTeX Font Info:    Checking defaults for C80/song/m/n on input line 22.
LaTeX Font Info:    ... okay on input line 22.
LaTeX Font Info:    Checking defaults for C81/song/m/n on input line 22.
LaTeX Font Info:    ... okay on input line 22.
LaTeX Font Info:    Checking defaults for C01/song/m/n on input line 22.
LaTeX Font Info:    ... okay on input line 22.
LaTeX Font Info:    Checking defaults for C11/song/m/n on input line 22.
LaTeX Font Info:    ... okay on input line 22.
LaTeX Font Info:    Checking defaults for C21/song/m/n on input line 22.
LaTeX Font Info:    ... okay on input line 22.
LaTeX Font Info:    Checking defaults for C41/song/m/n on input line 22.
LaTeX Font Info:    ... okay on input line 22.
LaTeX Font Info:    Checking defaults for C62/song/m/n on input line 22.
LaTeX Font Info:    ... okay on input line 22.

-- Lines per column: 58 (exact).
(/usr/local/texlive/2024/texmf-dist/tex/context/base/mkii/supp-pdf.mkii
[Loading MPS to PDF converter (version 2006.09.02).]
\scratchcounter=\count310
\scratchdimen=\dimen193
\scratchbox=\box59
\nofMPsegments=\count311
\nofMParguments=\count312
\everyMPshowfont=\toks35
\MPscratchCnt=\count313
\MPscratchDim=\dimen194
\MPnumerator=\count314
\makeMPintoPDFobject=\count315
\everyMPtoPDFconversion=\toks36
) (/usr/local/texlive/2024/texmf-dist/tex/latex/epstopdf-pkg/epstopdf-base.sty
Package: epstopdf-base 2020-01-24 v2.11 Base part for package epstopdf
Package epstopdf-base Info: Redefining graphics rule for `.eps' on input line 4
85.

(/usr/local/texlive/2024/texmf-dist/tex/latex/latexconfig/epstopdf-sys.cfg
File: epstopdf-sys.cfg 2010/07/13 v1.3 Configuration of (r)epstopdf for TeX Liv
e
))
Package hyperref Info: Link coloring OFF on input line 22.

(./main.out) (./main.out)
\@outlinefile=\write3
\openout3 = `main.out'.


(/usr/local/texlive/2024/texmf-dist/tex/latex/cjk/texinput/UTF8/UTF8.bdg
File: UTF8.bdg 2021/10/16 4.8.5
)
(/usr/local/texlive/2024/texmf-dist/tex/latex/cjk/texinput/UTF8/UTF8.enc
File: UTF8.enc 2021/10/16 4.8.5
)
(/usr/local/texlive/2024/texmf-dist/tex/latex/cjk/texinput/UTF8/UTF8.chr
File: UTF8.chr 2021/10/16 4.8.5
)
LaTeX Font Info:    Trying to load font information for C70+ipxm on input line 
31.

(/usr/local/texlive/2024/texmf-dist/tex/latex/ipaex-type1/c70ipxm.fd
File: c70ipxm.fd 2018/05/05 v0.5
)
(/usr/local/texlive/2024/texmf-dist/tex/latex/ipaex-type1/c70ipxm.fdx
File: c70ipxm.fdx 2018/05/05 v0.5
)
LaTeX Font Info:    Font shape `C70/ipxm/b/n'
(Font)              in size <9> not available.
(Font)              Font shape `C70/ipxm/m/n'
(Font)              tried instead on input line 33.
LaTeX Font Info:    Trying to load font information for U+msa on input line 34.


(/usr/local/texlive/2024/texmf-dist/tex/latex/amsfonts/umsa.fd
File: umsa.fd 2013/01/14 v3.01 AMS symbols A
)
LaTeX Font Info:    Trying to load font information for U+msb on input line 34.


(/usr/local/texlive/2024/texmf-dist/tex/latex/amsfonts/umsb.fd
File: umsb.fd 2013/01/14 v3.01 AMS symbols B
)
(./sec/01_introduction.tex
LaTeX Font Info:    Font shape `C70/ipxm/m/sc'
(Font)              in size <10> not available.
(Font)              Font shape `C70/ipxm/m/n'
(Font)              tried instead on input line 1.
) (./sec/02_related_work.tex [1{/usr/local/texlive/2024/texmf-var/fonts/map/pdf
tex/updmap/pdftex.map}{/usr/local/texlive/2024/texmf-dist/fonts/enc/dvips/base/
8r.enc}{/usr/local/texlive/2024/texmf-dist/fonts/enc/dvips/ipaex-type1/ipxt1-u5
d.enc}{/usr/local/texlive/2024/texmf-dist/fonts/enc/dvips/ipaex-type1/ipxt1-u52
.enc}{/usr/local/texlive/2024/texmf-dist/fonts/enc/dvips/ipaex-type1/ipxt1-u30.
enc}{/usr/local/texlive/2024/texmf-dist/fonts/enc/dvips/ipaex-type1/ipxt1-u5b.e
nc}{/usr/local/texlive/2024/texmf-dist/fonts/enc/dvips/ipaex-type1/ipxt1-u96.en
c}{/usr/local/texlive/2024/texmf-dist/fonts/enc/dvips/ipaex-type1/ipxt1-u53.enc
}{/usr/local/texlive/2024/texmf-dist/fonts/enc/dvips/ipaex-type1/ipxt1-u95.enc}
{/usr/local/texlive/2024/texmf-dist/fonts/enc/dvips/ipaex-type1/ipxt1-u67.enc}{
/usr/local/texlive/2024/texmf-dist/fonts/enc/dvips/ipaex-type1/ipxt1-u8a.enc}{/
usr/local/texlive/2024/texmf-dist/fonts/enc/dvips/ipaex-type1/ipxt1-u4e.enc}


{/usr/local/texlive/2024/texmf-dist/fonts/enc/dvips/ipaex-type1/ipxt1-u72.enc}{
/usr/local/texlive/2024/texmf-dist/fonts/enc/dvips/ipaex-type1/ipxt1-u66.enc}{/
usr/local/texlive/2024/texmf-dist/fonts/enc/dvips/ipaex-type1/ipxt1-u76.enc}{/u
sr/local/texlive/2024/texmf-dist/fonts/enc/dvips/ipaex-type1/ipxt1-u51.enc}{/us
r/local/texlive/2024/texmf-dist/fonts/enc/dvips/ipaex-type1/ipxt1-u73.enc}{/usr
/local/texlive/2024/texmf-dist/fonts/enc/dvips/ipaex-type1/ipxt1-u69.enc}{/usr/
local/texlive/2024/texmf-dist/fonts/enc/dvips/ipaex-type1/ipxt1-u5f.enc}{/usr/l
ocal/texlive/2024/texmf-dist/fonts/enc/dvips/ipaex-type1/ipxt1-u62.enc}{/usr/lo
cal/texlive/2024/texmf-dist/fonts/enc/dvips/ipaex-type1/ipxt1-u6c.enc}{/usr/loc
al/texlive/2024/texmf-dist/fonts/enc/dvips/ipaex-type1/ipxt1-u50.enc}{/usr/loca
l/texlive/2024/texmf-dist/fonts/enc/dvips/ipaex-type1/ipxt1-u60.enc}{/usr/local
/texlive/2024/texmf-dist/fonts/enc/dvips/ipaex-type1/ipxt1-u58.enc}{/usr/local/
texlive/2024/texmf-dist/fonts/enc/dvips/ipaex-type1/ipxt1-u6f.enc}{/usr/local/t
exlive/2024/texmf-dist/fonts/enc/dvips/ipaex-type1/ipxt1-u6d.enc}{/usr/local/te
xlive/2024/texmf-dist/fonts/enc/dvips/ipaex-type1/ipxt1-u57.enc}{/usr/local/tex
live/2024/texmf-dist/fonts/enc/dvips/ipaex-type1/ipxt1-u78.enc}{/usr/local/texl
ive/2024/texmf-dist/fonts/enc/dvips/ipaex-type1/ipxt1-u7a.enc}{/usr/local/texli
ve/2024/texmf-dist/fonts/enc/dvips/ipaex-type1/ipxt1-u4f.enc}{/usr/local/texliv
e/2024/texmf-dist/fonts/enc/dvips/ipaex-type1/ipxt1-uff.enc}{/usr/local/texlive
/2024/texmf-dist/fonts/enc/dvips/ipaex-type1/ipxt1-u63.enc}{/usr/local/texlive/
2024/texmf-dist/fonts/enc/dvips/ipaex-type1/ipxt1-u68.enc}{/usr/local/texlive/2
024/texmf-dist/fonts/enc/dvips/ipaex-type1/ipxt1-u61.enc}{/usr/local/texlive/20
24/texmf-dist/fonts/enc/dvips/ipaex-type1/ipxt1-u5e.enc}{/usr/local/texlive/202
4/texmf-dist/fonts/enc/dvips/ipaex-type1/ipxt1-u89.enc}{/usr/local/texlive/2024
/texmf-dist/fonts/enc/dvips/ipaex-type1/ipxt1-u6b.enc}{/usr/local/texlive/2024/
texmf-dist/fonts/enc/dvips/ipaex-type1/ipxt1-u90.enc}{/usr/local/texlive/2024/t
exmf-dist/fonts/enc/dvips/ipaex-type1/ipxt1-u75.enc}{/usr/local/texlive/2024/te
xmf-dist/fonts/enc/dvips/ipaex-type1/ipxt1-u79.enc}{/usr/local/texlive/2024/tex
mf-dist/fonts/enc/dvips/ipaex-type1/ipxt1-u98.enc}{/usr/local/texlive/2024/texm
f-dist/fonts/enc/dvips/ipaex-type1/ipxt1-u5c.enc}{/usr/local/texlive/2024/texmf
-dist/fonts/enc/dvips/ipaex-type1/ipxt1-u7b.enc}{/usr/local/texlive/2024/texmf-
dist/fonts/enc/dvips/ipaex-type1/ipxt1-u59.enc}{/usr/local/texlive/2024/texmf-d
ist/fonts/enc/dvips/ipaex-type1/ipxt1-u54.enc}{/usr/local/texlive/2024/texmf-di
st/fonts/enc/dvips/ipaex-type1/ipxt1-u74.enc}{/usr/local/texlive/2024/texmf-dis
t/fonts/enc/dvips/ipaex-type1/ipxt1-u9a.enc}{/usr/local/texlive/2024/texmf-dist
/fonts/enc/dvips/ipaex-type1/ipxt1-u7d.enc}{/usr/local/texlive/2024/texmf-dist/
fonts/enc/dvips/ipaex-type1/ipxt1-u8c.enc}{/usr/local/texlive/2024/texmf-dist/f
onts/enc/dvips/ipaex-type1/ipxt1-u7c.enc}{/usr/local/texlive/2024/texmf-dist/fo
nts/enc/dvips/ipaex-type1/ipxt1-u88.enc}{/usr/local/texlive/2024/texmf-dist/fon
ts/enc/dvips/ipaex-type1/ipxt1-u65.enc}{/usr/local/texlive/2024/texmf-dist/font
s/enc/dvips/ipaex-type1/ipxt1-u6e.enc}{/usr/local/texlive/2024/texmf-dist/fonts
/enc/dvips/ipaex-type1/ipxt1-u80.enc}{/usr/local/texlive/2024/texmf-dist/fonts/
enc/dvips/ipaex-type1/ipxt1-u8f.enc}{/usr/local/texlive/2024/texmf-dist/fonts/e
nc/dvips/ipaex-type1/ipxt1-u77.enc}{/usr/local/texlive/2024/texmf-dist/fonts/en
c/dvips/ipaex-type1/ipxt1-u85.enc}{/usr/local/texlive/2024/texmf-dist/fonts/enc
/dvips/ipaex-type1/ipxt1-u82.enc}{/usr/local/texlive/2024/texmf-dist/fonts/enc/
dvips/ipaex-type1/ipxt1-u8b.enc}{/usr/local/texlive/2024/texmf-dist/fonts/enc/d
vips/ipaex-type1/ipxt1-u56.enc}{/usr/local/texlive/2024/texmf-dist/fonts/enc/dv
ips/ipaex-type1/ipxt1-u97.enc}{/usr/local/texlive/2024/texmf-dist/fonts/enc/dvi
ps/ipaex-type1/ipxt1-u9e.enc}{/usr/local/texlive/2024/texmf-dist/fonts/enc/dvip
s/ipaex-type1/ipxt1-u91.enc}{/usr/local/texlive/2024/texmf-dist/fonts/enc/dvips
/ipaex-type1/ipxt1-u8e.enc}{/usr/local/texlive/2024/texmf-dist/fonts/enc/dvips/
ipaex-type1/ipxt1-u7e.enc}{/usr/local/texlive/2024/texmf-dist/fonts/enc/dvips/i
paex-type1/ipxt1-u55.enc}{/usr/local/texlive/2024/texmf-dist/fonts/enc/dvips/ip
aex-type1/ipxt1-u7f.enc}]) (./sec/03_preliminaries.tex
Underfull \hbox (badness 1496) in paragraph at lines 10--11
\OMS/cmsy/m/n/10 I$\C70/ipxm/m/n/10 n ¦ £ ó É ¦ \C70/ipxm/m/n/10 M \C70/ipxm/m/
n/10 n$\OML/cmm/m/it/10 l$\C70/ipxm/m/n/10 k J Q ‹ ¦ £ ó É ¦ « ¦ ó
 []


Underfull \hbox (badness 10000) in paragraph at lines 49--50
[][]\C70/ipxm/m/n/10 ' \C70/ipxm/m/n/10 ê \OT1/ptm/b/n/10 1 \OT1/ptm/m/n/10 (\C
70/ipxm/m/n/10 ^^P \C70/ipxm/m/n/10/6b ! \C70/ipxm/m/n/10 ^^H \C70/ipxm/m/n/10 
^^P \OT1/ptm/m/n/10 [[]5[]])\OT1/ptm/b/n/10 . []$\OMS/cmsy/m/n/10 M[]\OML/cmm/m
/it/10 ; [] ; \OMS/cmsy/m/n/10 M[]$\C70/ipxm/m/n/10 L ] Œ
 []


Underfull \hbox (badness 10000) in paragraph at lines 49--50
\C70/ipxm/m/n/10 ^ Œ$\OT1/cmr/m/n/10 (\OML/cmm/m/it/10 "[]; ^^N[]\OT1/cmr/m/n/1
0 )$\OT1/ptm/m/it/10 -DP\C70/ipxm/m/n/10 ’ \C70/ipxm/m/n/10 € \C70/ipxm/m/n/10 
_ Y h M ^^A \C70/ipxm/m/n/10 ^^H \C70/ipxm/m/n/10 ^^P \C70/ipxm/m/n/10 á « Ë º
 []

) (./sec/04_method.tex
Package hyperref Info: bookmark level for unknown algorithm defaults to 0 on in
put line 31.
LaTeX Font Info:    Trying to load font information for OMS+ptm on input line 3
6.

(/usr/local/texlive/2024/texmf-dist/tex/latex/psnfss/omsptm.fd
File: omsptm.fd 
)
LaTeX Font Info:    Font shape `OMS/ptm/m/n' in size <10> not available
(Font)              Font shape `OMS/cmsy/m/n' tried instead on input line 36.
 [2{/usr/local/texlive/2024/texmf-dist/fonts/enc/dvips/ipaex-type1/ipxt1-u8d.en
c}{/usr/local/texlive/2024/texmf-dist/fonts/enc/dvips/ipaex-type1/ipxt1-u71.enc
}{/usr/local/texlive/2024/texmf-dist/fonts/enc/dvips/ipaex-type1/ipxt1-u70.enc}
]
Underfull \hbox (badness 1910) in paragraph at lines 88--90
[]\C70/ipxm/m/n/10 é × é ¹ \C70/ipxm/m/n/10 ^^F \C70/ipxm/m/n/10 ^^C$[]\OT1/cmr
/m/n/10 (\OML/cmm/m/it/10 b\OT1/cmr/m/n/10 )$\C70/ipxm/m/n/10 ^^H$\OML/cmm/m/it
/10 b \OT1/cmr/m/n/10 = ^^A[]\OML/cmm/m/it/10 ="[]$\C70/ipxm/m/n/10 	 \C70/ipxm
/m/n/10 k \C70/ipxm/m/n/10 þ \C70/ipxm/m/n/10 W
 []


Underfull \hbox (badness 2302) in paragraph at lines 99--100
[]\C70/ipxm/m/n/10 ^^D \C70/ipxm/m/n/10 ¯ ¨ ê k é × é ¹ Î ¤ º$[]\OT1/cmr/m/n/10
 (2\OML/cmm/m/it/10 c[]="\OT1/cmr/m/n/10 )$\C70/ipxm/m/n/10 ’ \C70/ipxm/m/n/10 
 
 []


Underfull \hbox (badness 2310) in paragraph at lines 114--115
\C70/ipxm/m/n/10 h M ^^A \C70/ipxm/m/n/10 Ø \C70/ipxm/m/n/10 ¦ \C70/ipxm/m/n/10
 ^^H \C70/ipxm/m/n/10 ^^P \C70/ipxm/m/n/10 š \C70/ipxm/m/n/10 ^^F \C70/ipxm/m/n
/10 k ˆ Š \C70/ipxm/m/n/10 Ï \C70/ipxm/m/n/10 × é ¤ Ð · \C70/ipxm/m/n/10 ˆ \C70
/ipxm/m/n/10 »
 []

) (./sec/05_experiments.tex
LaTeX Font Info:    Font shape `C70/ipxm/m/sc'
(Font)              in size <8> not available.
(Font)              Font shape `C70/ipxm/m/n'
(Font)              tried instead on input line 17.

Overfull \hbox (15.37538pt too wide) in paragraph at lines 19--31
 [][] 
 []

[3{/usr/local/texlive/2024/texmf-dist/fonts/enc/dvips/ipaex-type1/ipxt1-u81.enc
}{/usr/local/texlive/2024/texmf-dist/fonts/enc/dvips/ipaex-type1/ipxt1-u6a.enc}
]) (./sec/06_conclusion.tex) (./main.bbl [4]) [5

] (./main.aux)
 ***********
LaTeX2e <2023-11-01> patch level 1
L3 programming layer <2024-02-20>
 ***********
Package rerunfilecheck Info: File `main.out' has not changed.
(rerunfilecheck)             Checksum: 198E950D19D04790CDCDB2AB6B216456;3242.
 ) 
Here is how much of TeX's memory you used:
 17320 strings out of 474116
 271584 string characters out of 5743682
 2026187 words of memory out of 5000000
 37391 multiletter control sequences out of 15000+600000
 639136 words of font info for 272 fonts, out of 8000000 for 9000
 1141 hyphenation exceptions out of 8191
 75i,9n,79p,541b,1746s stack positions out of 10000i,1000n,20000p,200000b,200000s
</usr/local/texlive/2024/texmf-dist/fonts/type1/public/amsfonts/cm/cmbx10.pfb
></usr/local/texlive/2024/texmf-dist/fonts/type1/public/amsfonts/cm/cmex10.pfb>
</usr/local/texlive/2024/texmf-dist/fonts/type1/public/amsfonts/cm/cmmi10.pfb><
/usr/local/texlive/2024/texmf-dist/fonts/type1/public/amsfonts/cm/cmmi6.pfb></u
sr/local/texlive/2024/texmf-dist/fonts/type1/public/amsfonts/cm/cmmi7.pfb></usr
/local/texlive/2024/texmf-dist/fonts/type1/public/amsfonts/cm/cmmi8.pfb></usr/l
ocal/texlive/2024/texmf-dist/fonts/type1/public/amsfonts/cm/cmmi9.pfb></usr/loc
al/texlive/2024/texmf-dist/fonts/type1/public/amsfonts/cm/cmr10.pfb></usr/local
/texlive/2024/texmf-dist/fonts/type1/public/amsfonts/cm/cmr5.pfb></usr/local/te
xlive/2024/texmf-dist/fonts/type1/public/amsfonts/cm/cmr6.pfb></usr/local/texli
ve/2024/texmf-dist/fonts/type1/public/amsfonts/cm/cmr7.pfb></usr/local/texlive/
2024/texmf-dist/fonts/type1/public/amsfonts/cm/cmr8.pfb></usr/local/texlive/202
4/texmf-dist/fonts/type1/public/amsfonts/cm/cmr9.pfb></usr/local/texlive/2024/t
exmf-dist/fonts/type1/public/amsfonts/cm/cmsy10.pfb></usr/local/texlive/2024/te
xmf-dist/fonts/type1/public/amsfonts/cm/cmsy5.pfb></usr/local/texlive/2024/texm
f-dist/fonts/type1/public/amsfonts/cm/cmsy6.pfb></usr/local/texlive/2024/texmf-
dist/fonts/type1/public/amsfonts/cm/cmsy7.pfb></usr/local/texlive/2024/texmf-di
st/fonts/type1/public/amsfonts/cm/cmsy8.pfb></usr/local/texlive/2024/texmf-dist
/fonts/type1/public/ipaex-type1/ipxm-r-u30.pfb></usr/local/texlive/2024/texmf-d
ist/fonts/type1/public/ipaex-type1/ipxm-r-u4e.pfb></usr/local/texlive/2024/texm
f-dist/fonts/type1/public/ipaex-type1/ipxm-r-u4f.pfb></usr/local/texlive/2024/t
exmf-dist/fonts/type1/public/ipaex-type1/ipxm-r-u50.pfb></usr/local/texlive/202
4/texmf-dist/fonts/type1/public/ipaex-type1/ipxm-r-u51.pfb></usr/local/texlive/
2024/texmf-dist/fonts/type1/public/ipaex-type1/ipxm-r-u52.pfb></usr/local/texli
ve/2024/texmf-dist/fonts/type1/public/ipaex-type1/ipxm-r-u53.pfb></usr/local/te
xlive/2024/texmf-dist/fonts/type1/public/ipaex-type1/ipxm-r-u54.pfb></usr/local
/texlive/2024/texmf-dist/fonts/type1/public/ipaex-type1/ipxm-r-u55.pfb></usr/lo
cal/texlive/2024/texmf-dist/fonts/type1/public/ipaex-type1/ipxm-r-u56.pfb></usr
/local/texlive/2024/texmf-dist/fonts/type1/public/ipaex-type1/ipxm-r-u57.pfb></
usr/local/texlive/2024/texmf-dist/fonts/type1/public/ipaex-type1/ipxm-r-u58.pfb
></usr/local/texlive/2024/texmf-dist/fonts/type1/public/ipaex-type1/ipxm-r-u59.
pfb></usr/local/texlive/2024/texmf-dist/fonts/type1/public/ipaex-type1/ipxm-r-u
5b.pfb></usr/local/texlive/2024/texmf-dist/fonts/type1/public/ipaex-type1/ipxm-
r-u5c.pfb></usr/local/texlive/2024/texmf-dist/fonts/type1/public/ipaex-type1/ip
xm-r-u5d.pfb></usr/local/texlive/2024/texmf-dist/fonts/type1/public/ipaex-type1
/ipxm-r-u5e.pfb></usr/local/texlive/2024/texmf-dist/fonts/type1/public/ipaex-ty
pe1/ipxm-r-u5f.pfb></usr/local/texlive/2024/texmf-dist/fonts/type1/public/ipaex
-type1/ipxm-r-u60.pfb></usr/local/texlive/2024/texmf-dist/fonts/type1/public/ip
aex-type1/ipxm-r-u61.pfb></usr/local/texlive/2024/texmf-dist/fonts/type1/public
/ipaex-type1/ipxm-r-u62.pfb></usr/local/texlive/2024/texmf-dist/fonts/type1/pub
lic/ipaex-type1/ipxm-r-u63.pfb></usr/local/texlive/2024/texmf-dist/fonts/type1/
public/ipaex-type1/ipxm-r-u65.pfb></usr/local/texlive/2024/texmf-dist/fonts/typ
e1/public/ipaex-type1/ipxm-r-u66.pfb></usr/local/texlive/2024/texmf-dist/fonts/
type1/public/ipaex-type1/ipxm-r-u67.pfb></usr/local/texlive/2024/texmf-dist/fon
ts/type1/public/ipaex-type1/ipxm-r-u68.pfb></usr/local/texlive/2024/texmf-dist/
fonts/type1/public/ipaex-type1/ipxm-r-u69.pfb></usr/local/texlive/2024/texmf-di
st/fonts/type1/public/ipaex-type1/ipxm-r-u6a.pfb></usr/local/texlive/2024/texmf
-dist/fonts/type1/public/ipaex-type1/ipxm-r-u6b.pfb></usr/local/texlive/2024/te
xmf-dist/fonts/type1/public/ipaex-type1/ipxm-r-u6c.pfb></usr/local/texlive/2024
/texmf-dist/fonts/type1/public/ipaex-type1/ipxm-r-u6d.pfb></usr/local/texlive/2
024/texmf-dist/fonts/type1/public/ipaex-type1/ipxm-r-u6e.pfb></usr/local/texliv
e/2024/texmf-dist/fonts/type1/public/ipaex-type1/ipxm-r-u6f.pfb></usr/local/tex
live/2024/texmf-dist/fonts/type1/public/ipaex-type1/ipxm-r-u70.pfb></usr/local/
texlive/2024/texmf-dist/fonts/type1/public/ipaex-type1/ipxm-r-u71.pfb></usr/loc
al/texlive/2024/texmf-dist/fonts/type1/public/ipaex-type1/ipxm-r-u72.pfb></usr/
local/texlive/2024/texmf-dist/fonts/type1/public/ipaex-type1/ipxm-r-u73.pfb></u
sr/local/texlive/2024/texmf-dist/fonts/type1/public/ipaex-type1/ipxm-r-u74.pfb>
</usr/local/texlive/2024/texmf-dist/fonts/type1/public/ipaex-type1/ipxm-r-u75.p
fb></usr/local/texlive/2024/texmf-dist/fonts/type1/public/ipaex-type1/ipxm-r-u7
6.pfb></usr/local/texlive/2024/texmf-dist/fonts/type1/public/ipaex-type1/ipxm-r
-u77.pfb></usr/local/texlive/2024/texmf-dist/fonts/type1/public/ipaex-type1/ipx
m-r-u78.pfb></usr/local/texlive/2024/texmf-dist/fonts/type1/public/ipaex-type1/
ipxm-r-u79.pfb></usr/local/texlive/2024/texmf-dist/fonts/type1/public/ipaex-typ
e1/ipxm-r-u7a.pfb></usr/local/texlive/2024/texmf-dist/fonts/type1/public/ipaex-
type1/ipxm-r-u7b.pfb></usr/local/texlive/2024/texmf-dist/fonts/type1/public/ipa
ex-type1/ipxm-r-u7c.pfb></usr/local/texlive/2024/texmf-dist/fonts/type1/public/
ipaex-type1/ipxm-r-u7d.pfb></usr/local/texlive/2024/texmf-dist/fonts/type1/publ
ic/ipaex-type1/ipxm-r-u7e.pfb></usr/local/texlive/2024/texmf-dist/fonts/type1/p
ublic/ipaex-type1/ipxm-r-u7f.pfb></usr/local/texlive/2024/texmf-dist/fonts/type
1/public/ipaex-type1/ipxm-r-u80.pfb></usr/local/texlive/2024/texmf-dist/fonts/t
ype1/public/ipaex-type1/ipxm-r-u81.pfb></usr/local/texlive/2024/texmf-dist/font
s/type1/public/ipaex-type1/ipxm-r-u82.pfb></usr/local/texlive/2024/texmf-dist/f
onts/type1/public/ipaex-type1/ipxm-r-u85.pfb></usr/local/texlive/2024/texmf-dis
t/fonts/type1/public/ipaex-type1/ipxm-r-u88.pfb></usr/local/texlive/2024/texmf-
dist/fonts/type1/public/ipaex-type1/ipxm-r-u89.pfb></usr/local/texlive/2024/tex
mf-dist/fonts/type1/public/ipaex-type1/ipxm-r-u8a.pfb></usr/local/texlive/2024/
texmf-dist/fonts/type1/public/ipaex-type1/ipxm-r-u8b.pfb></usr/local/texlive/20
24/texmf-dist/fonts/type1/public/ipaex-type1/ipxm-r-u8c.pfb></usr/local/texlive
/2024/texmf-dist/fonts/type1/public/ipaex-type1/ipxm-r-u8d.pfb></usr/local/texl
ive/2024/texmf-dist/fonts/type1/public/ipaex-type1/ipxm-r-u8e.pfb></usr/local/t
exlive/2024/texmf-dist/fonts/type1/public/ipaex-type1/ipxm-r-u8f.pfb></usr/loca
l/texlive/2024/texmf-dist/fonts/type1/public/ipaex-type1/ipxm-r-u90.pfb></usr/l
ocal/texlive/2024/texmf-dist/fonts/type1/public/ipaex-type1/ipxm-r-u91.pfb></us
r/local/texlive/2024/texmf-dist/fonts/type1/public/ipaex-type1/ipxm-r-u95.pfb><
/usr/local/texlive/2024/texmf-dist/fonts/type1/public/ipaex-type1/ipxm-r-u96.pf
b></usr/local/texlive/2024/texmf-dist/fonts/type1/public/ipaex-type1/ipxm-r-u97
.pfb></usr/local/texlive/2024/texmf-dist/fonts/type1/public/ipaex-type1/ipxm-r-
u98.pfb></usr/local/texlive/2024/texmf-dist/fonts/type1/public/ipaex-type1/ipxm
-r-u9a.pfb></usr/local/texlive/2024/texmf-dist/fonts/type1/public/ipaex-type1/i
pxm-r-u9e.pfb></usr/local/texlive/2024/texmf-dist/fonts/type1/public/ipaex-type
1/ipxm-r-uff.pfb></usr/local/texlive/2024/texmf-dist/fonts/type1/public/amsfont
s/symbols/msbm10.pfb></usr/local/texlive/2024/texmf-dist/fonts/type1/urw/times/
utmb8a.pfb></usr/local/texlive/2024/texmf-dist/fonts/type1/urw/times/utmbi8a.pf
b></usr/local/texlive/2024/texmf-dist/fonts/type1/urw/times/utmr8a.pfb></usr/lo
cal/texlive/2024/texmf-dist/fonts/type1/urw/times/utmri8a.pfb>
Output written on main.pdf (5 pages, 839957 bytes).
PDF statistics:
 885 PDF objects out of 1000 (max. 8388607)
 615 compressed objects within 7 object streams
 103 named destinations out of 1000 (max. 500000)
 497 words of extra memory for PDF output out of 10000 (max. 10000000)

