\BOOKMARK [1][-]{section.1}{\376\377\060\157\060\130\060\201\060\153}{}% 1
\BOOKMARK [1][-]{section.2}{\376\377\225\242\220\043\170\024\172\166}{}% 2
\BOOKMARK [2][-]{subsection.2.1}{\376\377\232\330\122\271\165\050\060\242\060\244\060\306\060\340\060\273\060\303\060\310\060\336\060\244\060\313\060\363\060\260}{section.2}% 3
\BOOKMARK [2][-]{subsection.2.2}{\376\377\146\102\225\223\166\204\060\373\124\150\147\037\166\204\122\271\165\050\060\336\060\244\060\313\060\363\060\260}{section.2}% 4
\BOOKMARK [2][-]{subsection.2.3}{\376\377\133\306\226\306\123\072\225\223\060\336\060\244\060\313\060\363\060\260}{section.2}% 5
\BOOKMARK [2][-]{subsection.2.4}{\376\377\147\054\170\024\172\166\060\156\117\115\177\156\060\145\060\121}{section.2}% 6
\BOOKMARK [1][-]{section.3}{\376\377\156\226\120\231\060\150\125\117\230\114\133\232\177\251}{}% 7
\BOOKMARK [2][-]{subsection.3.1}{\376\377\122\271\165\050\116\330\060\115\060\310\060\351\060\363\060\266\060\257\060\267\060\347\060\363\060\307\060\374\060\277\060\331\060\374\060\271}{section.3}% 8
\BOOKMARK [2][-]{subsection.3.2}{\376\377\060\271\060\351\060\244\060\307\060\243\060\363\060\260\060\246\060\243\060\363\060\311\060\246\060\150\133\306\226\306\123\072\225\223}{section.3}% 9
\BOOKMARK [2][-]{subsection.3.3}{\376\377\060\246\060\243\060\363\060\311\060\246\122\271\165\050\060\150\000T\000W\000U}{section.3}% 10
\BOOKMARK [2][-]{subsection.3.4}{\376\377\125\117\230\114\133\232\177\251}{section.3}% 11
\BOOKMARK [1][-]{section.4}{\376\377\143\320\150\110\142\113\154\325}{}% 12
\BOOKMARK [2][-]{subsection.4.1}{\376\377\164\006\212\326\166\204\127\372\171\016}{section.4}% 13
\BOOKMARK [2][-]{subsection.4.2}{\376\377\175\057\172\115\124\214\060\153\060\210\060\213\147\000\220\151\123\026}{section.4}% 14
\BOOKMARK [2][-]{subsection.4.3}{\376\377\060\242\060\353\060\264\060\352\060\272\060\340\377\032\000U\000D\000I\000-\000M\000i\000n\000e\000r}{section.4}% 15
\BOOKMARK [2][-]{subsection.4.4}{\376\377\212\010\173\227\221\317\211\343\147\220}{section.4}% 16
\BOOKMARK [1][-]{section.5}{\376\377\133\237\232\023}{}% 17
\BOOKMARK [2][-]{subsection.5.1}{\376\377\133\237\232\023\212\055\133\232}{section.5}% 18
\BOOKMARK [2][-]{subsection.5.2}{\376\377\000E\0001\377\032\060\321\060\277\060\374\060\363\137\251\121\103}{section.5}% 19
\BOOKMARK [2][-]{subsection.5.3}{\376\377\000E\0002\377\032\000T\000W\000U\147\235\122\010\060\212\122\271\163\207}{section.5}% 20
\BOOKMARK [2][-]{subsection.5.4}{\376\377\000E\0003\377\032\060\271\060\261\060\374\060\351\060\323\060\352\060\306\060\243}{section.5}% 21
\BOOKMARK [2][-]{subsection.5.5}{\376\377\000E\0004\377\032\211\007\145\160\060\321\060\277\060\374\060\363\166\172\211\213}{section.5}% 22
\BOOKMARK [2][-]{subsection.5.6}{\376\377\200\003\133\337}{section.5}% 23
\BOOKMARK [1][-]{section.6}{\376\377\175\120\212\326}{}% 24
\BOOKMARK [1][-]{section*.1}{\376\377\000R\000e\000f\000e\000r\000e\000n\000c\000e\000s}{}% 25
