\BOOKMARK [1][-]{section.1}{\376\377\060\157\060\130\060\201\060\153}{}% 1
\BOOKMARK [1][-]{section.2}{\376\377\225\242\220\043\170\024\172\166}{}% 2
\BOOKMARK [2][-]{subsection.2.1}{\376\377\000T\000o\000p\000-\000k\060\321\060\277\060\374\060\363\060\336\060\244\060\313\060\363\060\260}{section.2}% 3
\BOOKMARK [2][-]{subsection.2.2}{\376\377\060\336\060\353\060\301\060\271\060\261\060\374\060\353\060\112\060\210\060\163\220\151\137\334\166\204\060\246\060\243\060\363\060\311\060\246\122\006\147\220}{section.2}% 4
\BOOKMARK [2][-]{subsection.2.3}{\376\377\060\321\060\351\060\341\060\374\060\277\060\325\060\352\060\374\060\336\060\244\060\313\060\363\060\260}{section.2}% 5
\BOOKMARK [1][-]{section.3}{\376\377\125\117\230\114\133\232\177\251}{}% 6
\BOOKMARK [2][-]{subsection.3.1}{\376\377\212\030\154\325}{section.3}% 7
\BOOKMARK [1][-]{section.4}{\376\377\000D\000e\000n\000s\000e\000\040\000C\000o\000v\000e\000r\000a\000g\000e\000\040\000S\000c\000o\000r\000e}{}% 8
\BOOKMARK [1][-]{section.5}{\376\377\060\336\060\353\060\301\060\271\060\261\060\374\060\353\060\325\060\354\060\374\060\340\060\357\060\374\060\257}{}% 9
\BOOKMARK [2][-]{subsection.5.1}{\376\377\116\214\122\006\060\271\060\261\060\374\060\353\226\216\134\144}{section.5}% 10
\BOOKMARK [2][-]{subsection.5.2}{\376\377\060\271\060\261\060\374\060\353\172\172\225\223\133\306\226\306\060\352\060\303\060\270}{section.5}% 11
\BOOKMARK [1][-]{section.6}{\376\377\060\242\060\353\060\264\060\352\060\272\060\340}{}% 12
\BOOKMARK [2][-]{subsection.6.1}{\376\377\122\006\147\235\226\120\133\232\154\325\060\153\060\210\060\213\000T\000o\000p\000-\000k\133\306\226\306\060\336\060\244\060\313\060\363\060\260}{section.6}% 13
\BOOKMARK [2][-]{subsection.6.2}{\376\377\212\010\173\227\221\317\122\006\147\220}{section.6}% 14
\BOOKMARK [1][-]{section.7}{\376\377\133\237\232\023}{}% 15
\BOOKMARK [2][-]{subsection.7.1}{\376\377\000E\0001\000:\000\040\124\301\214\352\153\324\217\003}{section.7}% 16
\BOOKMARK [2][-]{subsection.7.2}{\376\377\000E\0002\000:\000\040\147\235\122\010\060\212\122\271\163\207}{section.7}% 17
\BOOKMARK [2][-]{subsection.7.3}{\376\377\000E\0003\000:\000\040\060\271\060\261\060\374\060\351\060\323\060\352\060\306\060\243}{section.7}% 18
\BOOKMARK [2][-]{subsection.7.4}{\376\377\000E\0004\000:\000\040\060\321\060\351\060\341\060\374\060\277\141\037\136\246\060\156\143\222\226\144}{section.7}% 19
\BOOKMARK [1][-]{section.8}{\376\377\200\003\133\337}{}% 20
\BOOKMARK [2][-]{subsection.8.1}{\376\377\060\336\060\353\060\301\060\271\060\261\060\374\060\353\060\242\060\327\060\355\060\374\060\301\060\156\122\051\160\271}{section.8}% 21
\BOOKMARK [2][-]{subsection.8.2}{\376\377\133\237\165\050\116\012\060\156\200\003\141\156\116\213\230\005}{section.8}% 22
\BOOKMARK [2][-]{subsection.8.3}{\376\377\122\066\175\004\116\213\230\005}{section.8}% 23
\BOOKMARK [1][-]{section.9}{\376\377\175\120\212\326}{}% 24
\BOOKMARK [1][-]{section*.1}{\376\377\000R\000e\000f\000e\000r\000e\000n\000c\000e\000s}{}% 25
