\BOOKMARK [1][-]{section.1}{\376\377\060\157\060\130\060\201\060\153}{}% 1
\BOOKMARK [1][-]{section.2}{\376\377\225\242\220\043\170\024\172\166}{}% 2
\BOOKMARK [2][-]{subsection.2.1}{\376\377\172\000\134\021\060\373\227\136\230\073\121\372\060\321\060\277\060\374\060\363\060\336\060\244\060\313\060\363\060\260}{section.2}% 3
\BOOKMARK [2][-]{subsection.2.2}{\376\377\060\320\060\374\060\271\060\310\151\034\121\372}{section.2}% 4
\BOOKMARK [2][-]{subsection.2.3}{\376\377\165\160\136\070\060\373\131\026\060\214\120\044\151\034\121\372}{section.2}% 5
\BOOKMARK [2][-]{subsection.2.4}{\376\377\146\102\174\373\122\027\060\373\060\271\060\351\060\244\060\307\060\243\060\363\060\260\060\246\060\243\060\363\060\311\060\246\060\321\060\277\060\374\060\363\060\336\060\244\060\313\060\363\060\260}{section.2}% 6
\BOOKMARK [2][-]{subsection.2.5}{\376\377\123\315\123\130\212\277\140\047\060\150\122\066\175\004\060\331\060\374\060\271\060\336\060\244\060\313\060\363\060\260}{section.2}% 7
\BOOKMARK [1][-]{section.3}{\376\377\125\117\230\114\133\232\177\251}{}% 8
\BOOKMARK [2][-]{subsection.3.1}{\376\377\212\030\154\325}{section.3}% 9
\BOOKMARK [2][-]{subsection.3.2}{\376\377\172\000\134\021\133\306\226\306\060\321\060\277\060\374\060\363}{section.3}% 10
\BOOKMARK [2][-]{subsection.3.3}{\376\377\116\214\153\265\226\216\060\336\060\244\060\313\060\363\060\260}{section.3}% 11
\BOOKMARK [2][-]{subsection.3.4}{\376\377\140\047\214\352\060\150\133\232\164\006}{section.3}% 12
\BOOKMARK [2][-]{subsection.3.5}{\376\377\212\010\173\227\221\317\211\343\147\220}{section.3}% 13
\BOOKMARK [1][-]{section.4}{\376\377\116\214\153\265\226\216\060\336\060\244\060\313\060\363\060\260\060\242\060\353\060\264\060\352\060\272\060\340}{}% 14
\BOOKMARK [2][-]{subsection.4.1}{\376\377\173\054\0001\153\265\226\216\377\032\133\306\226\306\123\072\225\223\166\172\211\213}{section.4}% 15
\BOOKMARK [2][-]{subsection.4.2}{\376\377\173\054\0002\153\265\226\216\377\032\131\047\127\337\166\204\172\000\134\021\140\047\060\325\060\243\060\353\060\277\060\352\060\363\060\260}{section.4}% 16
\BOOKMARK [2][-]{subsection.4.3}{\376\377\153\143\137\123\140\047\060\150\212\010\173\227\221\317}{section.4}% 17
\BOOKMARK [2][-]{subsection.4.4}{\376\377\060\321\060\351\060\341\060\374\060\277\220\170\142\236}{section.4}% 18
\BOOKMARK [1][-]{section.5}{\376\377\133\237\232\023}{}% 19
\BOOKMARK [2][-]{subsection.5.1}{\376\377\133\237\232\023\212\055\133\232}{section.5}% 20
\BOOKMARK [2][-]{subsection.5.2}{\376\377\000E\0001\377\032\126\336\123\316\163\207}{section.5}% 21
\BOOKMARK [2][-]{subsection.5.3}{\376\377\000E\0002\377\032\147\235\122\010\060\212\122\271\163\207}{section.5}% 22
\BOOKMARK [2][-]{subsection.5.4}{\376\377\000E\0003\377\032\060\271\060\261\060\374\060\351\060\323\060\352\060\306\060\243}{section.5}% 23
\BOOKMARK [2][-]{subsection.5.5}{\376\377\000E\0004\377\032\060\261\060\374\060\271\060\271\060\277\060\307\060\243\060\156\200\003\133\337}{section.5}% 24
\BOOKMARK [2][-]{subsection.5.6}{\376\377\133\237\232\023\175\120\147\234\060\156\060\176\060\150\060\201}{section.5}% 25
\BOOKMARK [1][-]{section.6}{\376\377\175\120\212\326}{}% 26
\BOOKMARK [1][-]{section*.1}{\376\377\000R\000e\000f\000e\000r\000e\000n\000c\000e\000s}{}% 27
